{"numTotalTestSuites":350,"numPassedTestSuites":244,"numFailedTestSuites":106,"numPendingTestSuites":0,"numTotalTests":876,"numPassedTests":724,"numFailedTests":152,"numPendingTests":0,"numTodoTests":0,"snapshot":{"added":0,"failure":false,"filesAdded":0,"filesRemoved":0,"filesRemovedList":[],"filesUnmatched":0,"filesUpdated":0,"matched":0,"total":0,"unchecked":0,"uncheckedKeysByFile":[],"unmatched":0,"updated":0,"didUpdate":false},"startTime":1786423385729,"success":false,"testResults":[{"assertionResults":[{"ancestorTitles":["leads trash flows"],"fullName":"leads trash flows softDeleteLead sets deleted_at","status":"passed","title":"softDeleteLead sets deleted_at","duration":23.636399999999412,"failureMessages":[],"meta":{},"tags":[]},{"ancestorTitles":["leads trash flows"],"fullName":"leads trash flows restoreLead clears deleted_at","status":"passed","title":"restoreLead clears deleted_at","duration":1.4179000000003725,"failureMessages":[],"meta":{},"tags":[]},{"ancestorTitles":["leads trash flows"],"fullName":"leads trash flows permanentDeleteLead deletes the row","status":"passed","title":"permanentDeleteLead deletes the row","duration":1.3661000000001877,"failureMessages":[],"meta":{},"tags":[]},{"ancestorTitles":["leads trash flows"],"fullName":"leads trash flows throws on query error","status":"passed","title":"throws on query error","duration":11.810199999999895,"failureMessages":[],"meta":{},"tags":[]},{"ancestorTitles":["leads trash flows"],"fullName":"leads trash flows fetchDeletedLeads returns deleted rows","status":"passed","title":"fetchDeletedLeads returns deleted rows","duration":2.1820000000006985,"failureMessages":[],"meta":{},"tags":[]},{"ancestorTitles":["leads trash flows"],"fullName":"leads trash flows fetchDeletedLeads throws on error","status":"passed","title":"fetchDeletedLeads throws on error","duration":6.901499999999942,"failureMessages":[],"meta":{},"tags":[]},{"ancestorTitles":["agents trash flows"],"fullName":"agents trash flows softDeleteAgent sets deleted_at","status":"passed","title":"softDeleteAgent sets deleted_at","duration":1.4724999999998545,"failureMessages":[],"meta":{},"tags":[]},{"ancestorTitles":["agents trash flows"],"fullName":"agents trash flows restoreAgent clears deleted_at","status":"passed","title":"restoreAgent clears deleted_at","duration":1.399399999999332,"failureMessages":[],"meta":{},"tags":[]},{"ancestorTitles":["agents trash flows"],"fullName":"agents trash flows permanentDeleteAgent removes the photo from storage and deletes the row","status":"passed","title":"permanentDeleteAgent removes the photo from storage and deletes the row","duration":4.712800000000243,"failureMessages":[],"meta":{},"tags":[]},{"ancestorTitles":["agents trash flows"],"fullName":"agents trash flows permanentDeleteAgent skips storage when there is no photo","status":"passed","title":"permanentDeleteAgent skips storage when there is no photo","duration":2.7505999999993946,"failureMessages":[],"meta":{},"tags":[]},{"ancestorTitles":["agents trash flows"],"fullName":"agents trash flows fetchDeletedAgents returns deleted rows","status":"passed","title":"fetchDeletedAgents returns deleted rows","duration":2.491899999999987,"failureMessages":[],"meta":{},"tags":[]},{"ancestorTitles":["newsletter trash flows"],"fullName":"newsletter trash flows softDeleteSubscriber sets deleted_at","status":"passed","title":"softDeleteSubscriber sets deleted_at","duration":11.42910000000029,"failureMessages":[],"meta":{},"tags":[]},{"ancestorTitles":["newsletter trash flows"],"fullName":"newsletter trash flows permanentDeleteSubscriber deletes the row","status":"passed","title":"permanentDeleteSubscriber deletes the row","duration":3.651900000000751,"failureMessages":[],"meta":{},"tags":[]},{"ancestorTitles":["newsletter trash flows"],"fullName":"newsletter trash flows restoreSubscriber clears deleted_at and returns the refreshed subscriber","status":"passed","title":"restoreSubscriber clears deleted_at and returns the refreshed subscriber","duration":1.1485999999995329,"failureMessages":[],"meta":{},"tags":[]},{"ancestorTitles":["newsletter trash flows"],"fullName":"newsletter trash flows fetchDeletedSubscribers returns deleted rows","status":"passed","title":"fetchDeletedSubscribers returns deleted rows","duration":5.964399999999841,"failureMessages":[],"meta":{},"tags":[]},{"ancestorTitles":["newsletter trash flows"],"fullName":"newsletter trash flows fetchDeletedSubscribers throws on error","status":"passed","title":"fetchDeletedSubscribers throws on error","duration":2.0045000000000073,"failureMessages":[],"meta":{},"tags":[]},{"ancestorTitles":["owners trash flows"],"fullName":"owners trash flows softDeleteOwner sets deleted_at","status":"passed","title":"softDeleteOwner sets deleted_at","duration":1.6971999999996115,"failureMessages":[],"meta":{},"tags":[]},{"ancestorTitles":["owners trash flows"],"fullName":"owners trash flows restoreOwner clears deleted_at","status":"passed","title":"restoreOwner clears deleted_at","duration":1.40099999999984,"failureMessages":[],"meta":{},"tags":[]},{"ancestorTitles":["owners trash flows"],"fullName":"owners trash flows permanentDeleteOwner deletes the row","status":"passed","title":"permanentDeleteOwner deletes the row","duration":2.691899999999805,"failureMessages":[],"meta":{},"tags":[]},{"ancestorTitles":["owners trash flows"],"fullName":"owners trash flows throws on query error","status":"passed","title":"throws on query error","duration":6.323900000000322,"failureMessages":[],"meta":{},"tags":[]},{"ancestorTitles":["owners trash flows"],"fullName":"owners trash flows fetchDeletedOwners returns deleted rows (order terminal, sin .returns)","status":"passed","title":"fetchDeletedOwners returns deleted rows (order terminal, sin .returns)","duration":1.042500000000473,"failureMessages":[],"meta":{},"tags":[]},{"ancestorTitles":["owners trash flows"],"fullName":"owners trash flows fetchDeletedOwners throws on error","status":"passed","title":"fetchDeletedOwners throws on error","duration":0.7036000000007334,"failureMessages":[],"meta":{},"tags":[]},{"ancestorTitles":["action plans trash flows"],"fullName":"action plans trash flows softDeleteActionPlan sets deleted_at","status":"passed","title":"softDeleteActionPlan sets deleted_at","duration":0.8229000000001179,"failureMessages":[],"meta":{},"tags":[]},{"ancestorTitles":["action plans trash flows"],"fullName":"action plans trash flows restoreActionPlan clears deleted_at","status":"passed","title":"restoreActionPlan clears deleted_at","duration":0.6409000000003289,"failureMessages":[],"meta":{},"tags":[]},{"ancestorTitles":["action plans trash flows"],"fullName":"action plans trash flows permanentDeleteActionPlan deletes the row","status":"passed","title":"permanentDeleteActionPlan deletes the row","duration":0.5938000000005559,"failureMessages":[],"meta":{},"tags":[]},{"ancestorTitles":["action plans trash flows"],"fullName":"action plans trash flows fetchDeletedActionPlans returns deleted rows (order terminal)","status":"passed","title":"fetchDeletedActionPlans returns deleted rows (order terminal)","duration":0.6851000000006024,"failureMessages":[],"meta":{},"tags":[]},{"ancestorTitles":["action plans trash flows"],"fullName":"action plans trash flows fetchDeletedActionPlans throws on error","status":"passed","title":"fetchDeletedActionPlans throws on error","duration":0.7407000000002881,"failureMessages":[],"meta":{},"tags":[]}],"startTime":1786423394186,"endTime":1786423394292.7407,"status":"passed","message":"","name":"C:/Users/facuh/OneDrive/Escritorio/Mis Proyectos/Landing Page/landing/apps/admin/src/test/trash-flows.test.ts"},{"assertionResults":[{"ancestorTitles":["toRow (mapper)"],"fullName":"toRow (mapper) mapea una fila de API a AgentRow","status":"passed","title":"mapea una fila de API a AgentRow","duration":15.357500000000073,"failureMessages":[],"meta":{},"tags":[]},{"ancestorTitles":["toRow (mapper)"],"fullName":"toRow (mapper) respeta permissions, commission y schedule cuando vienen en la fila","status":"passed","title":"respeta permissions, commission y schedule cuando vienen en la fila","duration":0.803899999999885,"failureMessages":[],"meta":{},"tags":[]},{"ancestorTitles":["toRow (mapper)"],"fullName":"toRow (mapper) tolera specialties/social nulos y leads vacío","status":"passed","title":"tolera specialties/social nulos y leads vacío","duration":3.0144000000000233,"failureMessages":[],"meta":{},"tags":[]},{"ancestorTitles":["fetchAgents"],"fullName":"fetchAgents consulta agentes activos ordenados y mapea a AgentRow","status":"passed","title":"consulta agentes activos ordenados y mapea a AgentRow","duration":6.379799999999705,"failureMessages":[],"meta":{},"tags":[]},{"ancestorTitles":["fetchAgents"],"fullName":"fetchAgents lanza error si la consulta falla","status":"passed","title":"lanza error si la consulta falla","duration":4.264100000000326,"failureMessages":[],"meta":{},"tags":[]},{"ancestorTitles":["fetchAgent"],"fullName":"fetchAgent devuelve el agente por id","status":"passed","title":"devuelve el agente por id","duration":1.579200000000128,"failureMessages":[],"meta":{},"tags":[]},{"ancestorTitles":["fetchAgent"],"fullName":"fetchAgent lanza \"Agente no encontrado\" si no hay data","status":"passed","title":"lanza \"Agente no encontrado\" si no hay data","duration":0.9171999999998661,"failureMessages":[],"meta":{},"tags":[]},{"ancestorTitles":["fetchAgent"],"fullName":"fetchAgent lanza error si la consulta falla","status":"passed","title":"lanza error si la consulta falla","duration":3.78650000000016,"failureMessages":[],"meta":{},"tags":[]},{"ancestorTitles":["fetchDeletedAgents"],"fullName":"fetchDeletedAgents consulta agentes eliminados ordenados por deleted_at desc","status":"passed","title":"consulta agentes eliminados ordenados por deleted_at desc","duration":1.9129000000002634,"failureMessages":[],"meta":{},"tags":[]},{"ancestorTitles":["fetchDeletedAgents"],"fullName":"fetchDeletedAgents lanza error si la consulta falla","status":"passed","title":"lanza error si la consulta falla","duration":1.206600000000435,"failureMessages":[],"meta":{},"tags":[]},{"ancestorTitles":["uploadAgentPhoto"],"fullName":"uploadAgentPhoto sube la foto y devuelve la URL pública","status":"passed","title":"sube la foto y devuelve la URL pública","duration":6.277699999999641,"failureMessages":[],"meta":{},"tags":[]},{"ancestorTitles":["uploadAgentPhoto"],"fullName":"uploadAgentPhoto usa extensión jpg por defecto cuando el nombre termina en punto","status":"passed","title":"usa extensión jpg por defecto cuando el nombre termina en punto","duration":5.080500000000029,"failureMessages":[],"meta":{},"tags":[]},{"ancestorTitles":["uploadAgentPhoto"],"fullName":"uploadAgentPhoto lanza error si el upload falla","status":"passed","title":"lanza error si el upload falla","duration":0.9745000000002619,"failureMessages":[],"meta":{},"tags":[]},{"ancestorTitles":["deleteAgentPhoto"],"fullName":"deleteAgentPhoto elimina la foto del storage cuando la URL apunta al bucket","status":"passed","title":"elimina la foto del storage cuando la URL apunta al bucket","duration":0.5366999999996551,"failureMessages":[],"meta":{},"tags":[]},{"ancestorTitles":["deleteAgentPhoto"],"fullName":"deleteAgentPhoto no elimina nada cuando la URL no pertenece al bucket","status":"passed","title":"no elimina nada cuando la URL no pertenece al bucket","duration":0.4371000000001004,"failureMessages":[],"meta":{},"tags":[]},{"ancestorTitles":["deleteAgentPhoto"],"fullName":"deleteAgentPhoto traga errores del storage","status":"passed","title":"traga errores del storage","duration":0.890400000000227,"failureMessages":[],"meta":{},"tags":[]},{"ancestorTitles":["createAgent"],"fullName":"createAgent inserta el agente limpio y devuelve el id","status":"passed","title":"inserta el agente limpio y devuelve el id","duration":1.0685999999996056,"failureMessages":[],"meta":{},"tags":[]},{"ancestorTitles":["createAgent"],"fullName":"createAgent lanza error si el insert falla","status":"passed","title":"lanza error si el insert falla","duration":0.7583000000004176,"failureMessages":[],"meta":{},"tags":[]},{"ancestorTitles":["updateAgent"],"fullName":"updateAgent actualiza el agente con los campos limpios","status":"passed","title":"actualiza el agente con los campos limpios","duration":1.5653000000002066,"failureMessages":[],"meta":{},"tags":[]},{"ancestorTitles":["updateAgent"],"fullName":"updateAgent lanza error si el update falla","status":"passed","title":"lanza error si el update falla","duration":0.9717000000000553,"failureMessages":[],"meta":{},"tags":[]},{"ancestorTitles":["toFormValues"],"fullName":"toFormValues convierte un AgentRow a valores de formulario","status":"passed","title":"convierte un AgentRow a valores de formulario","duration":1.4846000000006825,"failureMessages":[],"meta":{},"tags":[]},{"ancestorTitles":["toFormValues"],"fullName":"toFormValues tolera campos nulos y redes sociales ausentes","status":"passed","title":"tolera campos nulos y redes sociales ausentes","duration":0.5931000000000495,"failureMessages":[],"meta":{},"tags":[]},{"ancestorTitles":["softDeleteAgent / restoreAgent"],"fullName":"softDeleteAgent / restoreAgent softDeleteAgent setea deleted_at y filtra por id","status":"passed","title":"softDeleteAgent setea deleted_at y filtra por id","duration":1.180199999999786,"failureMessages":[],"meta":{},"tags":[]},{"ancestorTitles":["softDeleteAgent / restoreAgent"],"fullName":"softDeleteAgent / restoreAgent restoreAgent limpia deleted_at","status":"passed","title":"restoreAgent limpia deleted_at","duration":1.8239999999996144,"failureMessages":[],"meta":{},"tags":[]},{"ancestorTitles":["softDeleteAgent / restoreAgent"],"fullName":"softDeleteAgent / restoreAgent lanza error si el soft delete falla","status":"passed","title":"lanza error si el soft delete falla","duration":1.0129000000006272,"failureMessages":[],"meta":{},"tags":[]},{"ancestorTitles":["permanentDeleteAgent"],"fullName":"permanentDeleteAgent borra la foto del storage y luego la fila","status":"passed","title":"borra la foto del storage y luego la fila","duration":4.771600000000035,"failureMessages":[],"meta":{},"tags":[]},{"ancestorTitles":["permanentDeleteAgent"],"fullName":"permanentDeleteAgent no toca storage si no hay foto en el bucket","status":"passed","title":"no toca storage si no hay foto en el bucket","duration":1.0846000000001368,"failureMessages":[],"meta":{},"tags":[]},{"ancestorTitles":["permanentDeleteAgent"],"fullName":"permanentDeleteAgent lanza error si el delete falla","status":"passed","title":"lanza error si el delete falla","duration":8.19840000000022,"failureMessages":[],"meta":{},"tags":[]},{"ancestorTitles":["updateAgentPermissions"],"fullName":"updateAgentPermissions fusiona los permisos existentes con los nuevos","status":"passed","title":"fusiona los permisos existentes con los nuevos","duration":1.9533000000001266,"failureMessages":[],"meta":{},"tags":[]},{"ancestorTitles":["getAgentPermissions"],"fullName":"getAgentPermissions devuelve los permisos del agente","status":"passed","title":"devuelve los permisos del agente","duration":1.1185999999997875,"failureMessages":[],"meta":{},"tags":[]},{"ancestorTitles":["getAgentPermissions"],"fullName":"getAgentPermissions devuelve DEFAULT_PERMISSIONS cuando no hay data","status":"passed","title":"devuelve DEFAULT_PERMISSIONS cuando no hay data","duration":0.8319999999994252,"failureMessages":[],"meta":{},"tags":[]},{"ancestorTitles":["updateAgentCommission"],"fullName":"updateAgentCommission fusiona la comisión existente con la nueva","status":"passed","title":"fusiona la comisión existente con la nueva","duration":1.7849000000005617,"failureMessages":[],"meta":{},"tags":[]},{"ancestorTitles":["calculateCommission"],"fullName":"calculateCommission calcula porcentaje + fijo para venta","status":"passed","title":"calcula porcentaje + fijo para venta","duration":7.787599999999657,"failureMessages":[],"meta":{},"tags":[]},{"ancestorTitles":["calculateCommission"],"fullName":"calculateCommission calcula solo porcentaje para alquiler","status":"passed","title":"calcula solo porcentaje para alquiler","duration":2.8667999999997846,"failureMessages":[],"meta":{},"tags":[]},{"ancestorTitles":["calculateCommission"],"fullName":"calculateCommission aplica la comisión mínima","status":"passed","title":"aplica la comisión mínima","duration":1.3522000000002663,"failureMessages":[],"meta":{},"tags":[]},{"ancestorTitles":["calculateCommission"],"fullName":"calculateCommission aplica la comisión máxima","status":"passed","title":"aplica la comisión máxima","duration":2.531500000000051,"failureMessages":[],"meta":{},"tags":[]},{"ancestorTitles":["calculateCommission"],"fullName":"calculateCommission redondea a 2 decimales","status":"passed","title":"redondea a 2 decimales","duration":3.070799999999508,"failureMessages":[],"meta":{},"tags":[]},{"ancestorTitles":["updateAgentSchedule"],"fullName":"updateAgentSchedule actualiza el schedule serializado a JSON","status":"passed","title":"actualiza el schedule serializado a JSON","duration":1.2502000000004045,"failureMessages":[],"meta":{},"tags":[]},{"ancestorTitles":["isAgentAvailable"],"fullName":"isAgentAvailable devuelve true dentro del horario laboral","status":"passed","title":"devuelve true dentro del horario laboral","duration":2.0033999999996013,"failureMessages":[],"meta":{},"tags":[]},{"ancestorTitles":["isAgentAvailable"],"fullName":"isAgentAvailable devuelve false fuera del horario","status":"passed","title":"devuelve false fuera del horario","duration":9.982299999999668,"failureMessages":[],"meta":{},"tags":[]},{"ancestorTitles":["isAgentAvailable"],"fullName":"isAgentAvailable devuelve false durante el break","status":"passed","title":"devuelve false durante el break","duration":3.381899999999405,"failureMessages":[],"meta":{},"tags":[]},{"ancestorTitles":["isAgentAvailable"],"fullName":"isAgentAvailable devuelve false si el día no está agendado o está deshabilitado","status":"passed","title":"devuelve false si el día no está agendado o está deshabilitado","duration":2.7039999999997235,"failureMessages":[],"meta":{},"tags":[]},{"ancestorTitles":["getAgentWorkingHours"],"fullName":"getAgentWorkingHours formatea los días disponibles con horarios","status":"passed","title":"formatea los días disponibles con horarios","duration":3.776600000000144,"failureMessages":[],"meta":{},"tags":[]},{"ancestorTitles":["getAgentWorkingHours"],"fullName":"getAgentWorkingHours devuelve cadena vacía si no hay días disponibles","status":"passed","title":"devuelve cadena vacía si no hay días disponibles","duration":0.9041000000006534,"failureMessages":[],"meta":{},"tags":[]},{"ancestorTitles":["getAgentAvailabilityStatus"],"fullName":"getAgentAvailabilityStatus devuelve \"available\" dentro del horario","status":"passed","title":"devuelve \"available\" dentro del horario","duration":4.2409999999999854,"failureMessages":[],"meta":{},"tags":[]},{"ancestorTitles":["getAgentAvailabilityStatus"],"fullName":"getAgentAvailabilityStatus devuelve \"break\" durante la pausa","status":"passed","title":"devuelve \"break\" durante la pausa","duration":14.554799999999886,"failureMessages":[],"meta":{},"tags":[]},{"ancestorTitles":["getAgentAvailabilityStatus"],"fullName":"getAgentAvailabilityStatus devuelve \"unavailable\" sin horario para el día","status":"passed","title":"devuelve \"unavailable\" sin horario para el día","duration":6.772399999999834,"failureMessages":[],"meta":{},"tags":[]},{"ancestorTitles":["constantes re-exportadas"],"fullName":"constantes re-exportadas exponen DAY_LABELS","status":"passed","title":"exponen DAY_LABELS","duration":1.5281999999997424,"failureMessages":[],"meta":{},"tags":[]}],"startTime":1786423394130,"endTime":1786423394300.5283,"status":"passed","message":"","name":"C:/Users/facuh/OneDrive/Escritorio/Mis Proyectos/Landing Page/landing/apps/admin/src/lib/__tests__/agents.test.ts"},{"assertionResults":[{"ancestorTitles":["apiRequest"],"fullName":"apiRequest construye la URL del path contra el REST de Supabase","status":"passed","title":"construye la URL del path contra el REST de Supabase","duration":14.47380000000021,"failureMessages":[],"meta":{},"tags":[]},{"ancestorTitles":["apiRequest"],"fullName":"apiRequest normaliza slashes iniciales del path y agrega query params","status":"passed","title":"normaliza slashes iniciales del path y agrega query params","duration":20.073799999999665,"failureMessages":[],"meta":{},"tags":[]},{"ancestorTitles":["apiRequest"],"fullName":"apiRequest omite params undefined o null","status":"passed","title":"omite params undefined o null","duration":1.4185999999999694,"failureMessages":[],"meta":{},"tags":[]},{"ancestorTitles":["apiRequest"],"fullName":"apiRequest envía headers de API y apikey","status":"passed","title":"envía headers de API y apikey","duration":4.516200000000026,"failureMessages":[],"meta":{},"tags":[]},{"ancestorTitles":["apiRequest"],"fullName":"apiRequest agrega Authorization Bearer cuando hay sesión","status":"passed","title":"agrega Authorization Bearer cuando hay sesión","duration":2.346799999999803,"failureMessages":[],"meta":{},"tags":[]},{"ancestorTitles":["apiRequest"],"fullName":"apiRequest no agrega Authorization cuando requireAuth es false","status":"passed","title":"no agrega Authorization cuando requireAuth es false","duration":0.6712000000002263,"failureMessages":[],"meta":{},"tags":[]},{"ancestorTitles":["apiRequest"],"fullName":"apiRequest parsea data y count desde el header content-range","status":"passed","title":"parsea data y count desde el header content-range","duration":1.0726000000004206,"failureMessages":[],"meta":{},"tags":[]},{"ancestorTitles":["apiRequest"],"fullName":"apiRequest mapea el error JSON con code, message, details y hint","status":"passed","title":"mapea el error JSON con code, message, details y hint","duration":0.46780000000035216,"failureMessages":[],"meta":{},"tags":[]},{"ancestorTitles":["apiRequest"],"fullName":"apiRequest usa fallbacks cuando el JSON de error es inválido","status":"passed","title":"usa fallbacks cuando el JSON de error es inválido","duration":0.4683999999997468,"failureMessages":[],"meta":{},"tags":[]},{"ancestorTitles":["apiRequest"],"fullName":"apiRequest mapea errores no-JSON como HTTP_ERROR con el texto de la respuesta","status":"passed","title":"mapea errores no-JSON como HTTP_ERROR con el texto de la respuesta","duration":0.4988000000003012,"failureMessages":[],"meta":{},"tags":[]},{"ancestorTitles":["apiRequest"],"fullName":"apiRequest usa el status como mensaje cuando el error no-JSON viene vacío","status":"passed","title":"usa el status como mensaje cuando el error no-JSON viene vacío","duration":0.3058000000000902,"failureMessages":[],"meta":{},"tags":[]},{"ancestorTitles":["apiRequest"],"fullName":"apiRequest tolera que response.text() falle en errores no-JSON","status":"passed","title":"tolera que response.text() falle en errores no-JSON","duration":0.3267000000000735,"failureMessages":[],"meta":{},"tags":[]},{"ancestorTitles":["apiRequest"],"fullName":"apiRequest lanza error si falta la anon key","status":"passed","title":"lanza error si falta la anon key","duration":3.285700000000361,"failureMessages":[],"meta":{},"tags":[]},{"ancestorTitles":["apiRequest"],"fullName":"apiRequest devuelve data null sin error para respuestas OK no-JSON","status":"passed","title":"devuelve data null sin error para respuestas OK no-JSON","duration":5.985400000000027,"failureMessages":[],"meta":{},"tags":[]},{"ancestorTitles":["apiRequest"],"fullName":"apiRequest tolera que response.json() falle en respuestas OK","status":"passed","title":"tolera que response.json() falle en respuestas OK","duration":0.9463000000000648,"failureMessages":[],"meta":{},"tags":[]},{"ancestorTitles":["apiRequest"],"fullName":"apiRequest usa details como mensaje cuando el error no trae message","status":"passed","title":"usa details como mensaje cuando el error no trae message","duration":0.3668999999999869,"failureMessages":[],"meta":{},"tags":[]},{"ancestorTitles":["apiRequest"],"fullName":"apiRequest fusiona headers custom con los defaults","status":"passed","title":"fusiona headers custom con los defaults","duration":0.29359999999996944,"failureMessages":[],"meta":{},"tags":[]},{"ancestorTitles":["api helpers"],"fullName":"api helpers api.get usa método GET","status":"passed","title":"api.get usa método GET","duration":0.7375999999999294,"failureMessages":[],"meta":{},"tags":[]},{"ancestorTitles":["api helpers"],"fullName":"api helpers api.post envía el body serializado con método POST","status":"passed","title":"api.post envía el body serializado con método POST","duration":0.8983000000002903,"failureMessages":[],"meta":{},"tags":[]},{"ancestorTitles":["api helpers"],"fullName":"api helpers api.patch envía el body serializado con método PATCH","status":"passed","title":"api.patch envía el body serializado con método PATCH","duration":0.618199999999888,"failureMessages":[],"meta":{},"tags":[]},{"ancestorTitles":["api helpers"],"fullName":"api helpers api.delete usa método DELETE","status":"passed","title":"api.delete usa método DELETE","duration":0.4805999999998676,"failureMessages":[],"meta":{},"tags":[]},{"ancestorTitles":["rpcCall"],"fullName":"rpcCall llama al endpoint RPC con Authorization y apikey","status":"passed","title":"llama al endpoint RPC con Authorization y apikey","duration":3.2515000000003056,"failureMessages":[],"meta":{},"tags":[]},{"ancestorTitles":["rpcCall"],"fullName":"rpcCall mapea el error del RPC","status":"passed","title":"mapea el error del RPC","duration":0.5298999999999978,"failureMessages":[],"meta":{},"tags":[]},{"ancestorTitles":["rpcCall"],"fullName":"rpcCall usa fallbacks cuando el JSON de error del RPC es inválido","status":"passed","title":"usa fallbacks cuando el JSON de error del RPC es inválido","duration":0.3107999999997446,"failureMessages":[],"meta":{},"tags":[]},{"ancestorTitles":["rpcCall"],"fullName":"rpcCall lanza error si falta la anon key","status":"passed","title":"lanza error si falta la anon key","duration":0.8299000000001797,"failureMessages":[],"meta":{},"tags":[]},{"ancestorTitles":["rpcCall"],"fullName":"rpcCall no lanza si no hay sesión (token undefined)","status":"passed","title":"no lanza si no hay sesión (token undefined)","duration":0.5210999999999331,"failureMessages":[],"meta":{},"tags":[]},{"ancestorTitles":["rpcCall"],"fullName":"rpcCall usa RPC_ERROR si el JSON de error no es parseable","status":"passed","title":"usa RPC_ERROR si el JSON de error no es parseable","duration":0.33130000000028303,"failureMessages":[],"meta":{},"tags":[]},{"ancestorTitles":["queryKeys"],"fullName":"queryKeys arma las keys de propiedades y leads","status":"passed","title":"arma las keys de propiedades y leads","duration":0.40790000000015425,"failureMessages":[],"meta":{},"tags":[]},{"ancestorTitles":["queryKeys"],"fullName":"queryKeys arma las keys de ml, site y valuation","status":"passed","title":"arma las keys de ml, site y valuation","duration":0.3330000000000837,"failureMessages":[],"meta":{},"tags":[]},{"ancestorTitles":["queryKeys"],"fullName":"queryKeys arma las keys de owners, agents, visits y chat","status":"passed","title":"arma las keys de owners, agents, visits y chat","duration":1.6844999999998436,"failureMessages":[],"meta":{},"tags":[]},{"ancestorTitles":["queryKeys"],"fullName":"queryKeys arma las keys de ml, site, valuations y drafts","status":"passed","title":"arma las keys de ml, site, valuations y drafts","duration":0.7325999999998203,"failureMessages":[],"meta":{},"tags":[]}],"startTime":1786423396614,"endTime":1786423396684.7327,"status":"passed","message":"","name":"C:/Users/facuh/OneDrive/Escritorio/Mis Proyectos/Landing Page/landing/apps/admin/src/lib/__tests__/api-client.test.ts"},{"assertionResults":[{"ancestorTitles":["auto_reply","getActiveTemplate"],"fullName":"auto_reply getActiveTemplate returns the active template for a trigger","status":"passed","title":"returns the active template for a trigger","duration":23.272199999999884,"failureMessages":[],"meta":{},"tags":[]},{"ancestorTitles":["auto_reply","getActiveTemplate"],"fullName":"auto_reply getActiveTemplate returns null when there are no rows","status":"passed","title":"returns null when there are no rows","duration":0.7484000000004016,"failureMessages":[],"meta":{},"tags":[]},{"ancestorTitles":["auto_reply","getMlAccessToken"],"fullName":"auto_reply getMlAccessToken returns null when there is no active connection","status":"passed","title":"returns null when there is no active connection","duration":0.9763000000002648,"failureMessages":[],"meta":{},"tags":[]},{"ancestorTitles":["auto_reply","getMlAccessToken"],"fullName":"auto_reply getMlAccessToken queries the active connection (stub getAccessToken returns null)","status":"passed","title":"queries the active connection (stub getAccessToken returns null)","duration":0.7955000000001746,"failureMessages":[],"meta":{},"tags":[]},{"ancestorTitles":["auto_reply","sendQuestionAnswer"],"fullName":"auto_reply sendQuestionAnswer posts the answer and updates the question","status":"passed","title":"posts the answer and updates the question","duration":8.853599999999915,"failureMessages":[],"meta":{},"tags":[]},{"ancestorTitles":["auto_reply","sendQuestionAnswer"],"fullName":"auto_reply sendQuestionAnswer omits the idempotency key when not provided","status":"passed","title":"omits the idempotency key when not provided","duration":0.6709000000000742,"failureMessages":[],"meta":{},"tags":[]},{"ancestorTitles":["auto_reply","sendQuestionAnswer"],"fullName":"auto_reply sendQuestionAnswer throws on ML API error and does not update","status":"passed","title":"throws on ML API error and does not update","duration":2.8395000000000437,"failureMessages":[],"meta":{},"tags":[]},{"ancestorTitles":["auto_reply","sendOrderMessage"],"fullName":"auto_reply sendOrderMessage posts the message with params and updates the order","status":"passed","title":"posts the message with params and updates the order","duration":2.23700000000008,"failureMessages":[],"meta":{},"tags":[]},{"ancestorTitles":["auto_reply","sendOrderMessage"],"fullName":"auto_reply sendOrderMessage throws on ML API error","status":"passed","title":"throws on ML API error","duration":2.926100000000133,"failureMessages":[],"meta":{},"tags":[]}],"startTime":1786423396402,"endTime":1786423396450.926,"status":"passed","message":"","name":"C:/Users/facuh/OneDrive/Escritorio/Mis Proyectos/Landing Page/landing/apps/admin/src/lib/__tests__/auto_reply.test.ts"},{"assertionResults":[{"ancestorTitles":["chat channels","fetchChannels"],"fullName":"chat channels fetchChannels returns active channels for agent","status":"failed","title":"returns active channels for agent","duration":30.315399999999954,"failureMessages":["AssertionError: expected [] to have a length of 2 but got +0\n    at Proxy.<anonymous> (file:///C:/Users/facuh/OneDrive/Escritorio/Mis%20Proyectos/Landing%20Page/landing/node_modules/.pnpm/@vitest+expect@4.1.10/node_modules/@vitest/expect/dist/index.js:1389:20)\n    at Proxy.<anonymous> (file:///C:/Users/facuh/OneDrive/Escritorio/Mis%20Proyectos/Landing%20Page/landing/node_modules/.pnpm/@vitest+expect@4.1.10/node_modules/@vitest/expect/dist/index.js:1156:15)\n    at Proxy.methodWrapper (file:///C:/Users/facuh/OneDrive/Escritorio/Mis%20Proyectos/Landing%20Page/landing/node_modules/.pnpm/chai@6.2.2/node_modules/chai/index.js:1700:25)\n    at C:/Users/facuh/OneDrive/Escritorio/Mis Proyectos/Landing Page/landing/apps/admin/src/lib/__tests__/chat.channel.test.ts:46:30\n    at processTicksAndRejections (node:internal/process/task_queues:104:5)\n    at file:///C:/Users/facuh/OneDrive/Escritorio/Mis%20Proyectos/Landing%20Page/landing/node_modules/.pnpm/@vitest+runner@4.1.10/node_modules/@vitest/runner/dist/chunk-artifact.js:1903:20"],"meta":{},"tags":[]},{"ancestorTitles":["chat channels","createDirectChannel"],"fullName":"chat channels createDirectChannel creates new direct channel when none exists","status":"failed","title":"creates new direct channel when none exists","duration":4.606000000000222,"failureMessages":["TypeError: __vite_ssr_import_0__.supabase.from(...).insert(...).select is not a function\n    at Module.createDirectChannel (C:/Users/facuh/OneDrive/Escritorio/Mis Proyectos/Landing Page/landing/apps/admin/src/lib/chat.ts:261:10)\n    at C:/Users/facuh/OneDrive/Escritorio/Mis Proyectos/Landing Page/landing/apps/admin/src/lib/__tests__/chat.channel.test.ts:62:34\n    at file:///C:/Users/facuh/OneDrive/Escritorio/Mis%20Proyectos/Landing%20Page/landing/node_modules/.pnpm/@vitest+runner@4.1.10/node_modules/@vitest/runner/dist/chunk-artifact.js:302:11\n    at file:///C:/Users/facuh/OneDrive/Escritorio/Mis%20Proyectos/Landing%20Page/landing/node_modules/.pnpm/@vitest+runner@4.1.10/node_modules/@vitest/runner/dist/chunk-artifact.js:1903:26\n    at file:///C:/Users/facuh/OneDrive/Escritorio/Mis%20Proyectos/Landing%20Page/landing/node_modules/.pnpm/@vitest+runner@4.1.10/node_modules/@vitest/runner/dist/chunk-artifact.js:2326:20\n    at new Promise (<anonymous>)\n    at runWithCancel (file:///C:/Users/facuh/OneDrive/Escritorio/Mis%20Proyectos/Landing%20Page/landing/node_modules/.pnpm/@vitest+runner@4.1.10/node_modules/@vitest/runner/dist/chunk-artifact.js:2323:10)\n    at file:///C:/Users/facuh/OneDrive/Escritorio/Mis%20Proyectos/Landing%20Page/landing/node_modules/.pnpm/@vitest+runner@4.1.10/node_modules/@vitest/runner/dist/chunk-artifact.js:2305:20\n    at new Promise (<anonymous>)\n    at runWithTimeout (file:///C:/Users/facuh/OneDrive/Escritorio/Mis%20Proyectos/Landing%20Page/landing/node_modules/.pnpm/@vitest+runner@4.1.10/node_modules/@vitest/runner/dist/chunk-artifact.js:2272:10)"],"meta":{},"tags":[]},{"ancestorTitles":["chat channels","createDirectChannel"],"fullName":"chat channels createDirectChannel returns existing channel if already exists","status":"failed","title":"returns existing channel if already exists","duration":1.1598999999996522,"failureMessages":["Error: Canal no encontrado\n    at fetchChannel (C:/Users/facuh/OneDrive/Escritorio/Mis Proyectos/Landing Page/landing/apps/admin/src/lib/chat.ts:250:22)\n    at processTicksAndRejections (node:internal/process/task_queues:104:5)"],"meta":{},"tags":[]},{"ancestorTitles":["chat channels","createGroupChannel"],"fullName":"chat channels createGroupChannel creates group channel with participants","status":"failed","title":"creates group channel with participants","duration":5.3115999999999985,"failureMessages":["TypeError: __vite_ssr_import_0__.supabase.from(...).insert(...).select is not a function\n    at Module.createGroupChannel (C:/Users/facuh/OneDrive/Escritorio/Mis Proyectos/Landing Page/landing/apps/admin/src/lib/chat.ts:288:10)\n    at C:/Users/facuh/OneDrive/Escritorio/Mis Proyectos/Landing Page/landing/apps/admin/src/lib/__tests__/chat.channel.test.ts:89:34\n    at file:///C:/Users/facuh/OneDrive/Escritorio/Mis%20Proyectos/Landing%20Page/landing/node_modules/.pnpm/@vitest+runner@4.1.10/node_modules/@vitest/runner/dist/chunk-artifact.js:302:11\n    at file:///C:/Users/facuh/OneDrive/Escritorio/Mis%20Proyectos/Landing%20Page/landing/node_modules/.pnpm/@vitest+runner@4.1.10/node_modules/@vitest/runner/dist/chunk-artifact.js:1903:26\n    at file:///C:/Users/facuh/OneDrive/Escritorio/Mis%20Proyectos/Landing%20Page/landing/node_modules/.pnpm/@vitest+runner@4.1.10/node_modules/@vitest/runner/dist/chunk-artifact.js:2326:20\n    at new Promise (<anonymous>)\n    at runWithCancel (file:///C:/Users/facuh/OneDrive/Escritorio/Mis%20Proyectos/Landing%20Page/landing/node_modules/.pnpm/@vitest+runner@4.1.10/node_modules/@vitest/runner/dist/chunk-artifact.js:2323:10)\n    at file:///C:/Users/facuh/OneDrive/Escritorio/Mis%20Proyectos/Landing%20Page/landing/node_modules/.pnpm/@vitest+runner@4.1.10/node_modules/@vitest/runner/dist/chunk-artifact.js:2305:20\n    at new Promise (<anonymous>)\n    at runWithTimeout (file:///C:/Users/facuh/OneDrive/Escritorio/Mis%20Proyectos/Landing%20Page/landing/node_modules/.pnpm/@vitest+runner@4.1.10/node_modules/@vitest/runner/dist/chunk-artifact.js:2272:10)"],"meta":{},"tags":[]},{"ancestorTitles":["chat channels","createPropertyChannel"],"fullName":"chat channels createPropertyChannel creates property channel with property name","status":"failed","title":"creates property channel with property name","duration":1.7971999999999753,"failureMessages":["TypeError: __vite_ssr_import_0__.supabase.from(...).insert(...).select is not a function\n    at Module.createPropertyChannel (C:/Users/facuh/OneDrive/Escritorio/Mis Proyectos/Landing Page/landing/apps/admin/src/lib/chat.ts:321:10)\n    at processTicksAndRejections (node:internal/process/task_queues:104:5)\n    at C:/Users/facuh/OneDrive/Escritorio/Mis Proyectos/Landing Page/landing/apps/admin/src/lib/__tests__/chat.channel.test.ts:103:28"],"meta":{},"tags":[]},{"ancestorTitles":["chat channels","createLeadChannel"],"fullName":"chat channels createLeadChannel creates lead channel with lead name","status":"failed","title":"creates lead channel with lead name","duration":1.3241000000002714,"failureMessages":["TypeError: __vite_ssr_import_0__.supabase.from(...).insert(...).select is not a function\n    at Module.createLeadChannel (C:/Users/facuh/OneDrive/Escritorio/Mis Proyectos/Landing Page/landing/apps/admin/src/lib/chat.ts:354:10)\n    at processTicksAndRejections (node:internal/process/task_queues:104:5)\n    at C:/Users/facuh/OneDrive/Escritorio/Mis Proyectos/Landing Page/landing/apps/admin/src/lib/__tests__/chat.channel.test.ts:117:28"],"meta":{},"tags":[]}],"startTime":1786423393845,"endTime":1786423393891.3242,"status":"failed","message":"","name":"C:/Users/facuh/OneDrive/Escritorio/Mis Proyectos/Landing Page/landing/apps/admin/src/lib/__tests__/chat.channel.test.ts"},{"assertionResults":[{"ancestorTitles":["chat mappers","toChannelRow"],"fullName":"chat mappers toChannelRow maps channel with participants and last message","status":"passed","title":"maps channel with participants and last message","duration":6.71329999999989,"failureMessages":[],"meta":{},"tags":[]},{"ancestorTitles":["chat mappers","toChannelRow"],"fullName":"chat mappers toChannelRow handles channel without last_message","status":"passed","title":"handles channel without last_message","duration":0.3999000000003434,"failureMessages":[],"meta":{},"tags":[]},{"ancestorTitles":["chat mappers","toChannelRow"],"fullName":"chat mappers toChannelRow handles null participants","status":"passed","title":"handles null participants","duration":0.5781000000001768,"failureMessages":[],"meta":{},"tags":[]},{"ancestorTitles":["chat mappers","toMessageRow"],"fullName":"chat mappers toMessageRow maps message with all fields","status":"passed","title":"maps message with all fields","duration":0.7618999999999687,"failureMessages":[],"meta":{},"tags":[]},{"ancestorTitles":["chat mappers","toMessageRow"],"fullName":"chat mappers toMessageRow handles reply_to message","status":"passed","title":"handles reply_to message","duration":0.40059999999994034,"failureMessages":[],"meta":{},"tags":[]},{"ancestorTitles":["chat mappers","toMessageRow"],"fullName":"chat mappers toMessageRow handles message with file","status":"passed","title":"handles message with file","duration":0.3771999999999025,"failureMessages":[],"meta":{},"tags":[]},{"ancestorTitles":["chat mappers","toMessageRow"],"fullName":"chat mappers toMessageRow handles null sender","status":"passed","title":"handles null sender","duration":0.2638999999999214,"failureMessages":[],"meta":{},"tags":[]},{"ancestorTitles":["chat mappers","toMessageRow"],"fullName":"chat mappers toMessageRow handles null reply_to","status":"passed","title":"handles null reply_to","duration":0.20479999999997744,"failureMessages":[],"meta":{},"tags":[]},{"ancestorTitles":["chat mappers","embedAgentName"],"fullName":"chat mappers embedAgentName handles null","status":"passed","title":"handles null","duration":0.24130000000013752,"failureMessages":[],"meta":{},"tags":[]},{"ancestorTitles":["chat mappers","embedAgentName"],"fullName":"chat mappers embedAgentName handles single object","status":"passed","title":"handles single object","duration":0.27070000000003347,"failureMessages":[],"meta":{},"tags":[]},{"ancestorTitles":["chat mappers","embedAgentName"],"fullName":"chat mappers embedAgentName handles array","status":"passed","title":"handles array","duration":0.21549999999979264,"failureMessages":[],"meta":{},"tags":[]},{"ancestorTitles":["chat mappers","embedAgentName"],"fullName":"chat mappers embedAgentName handles empty array","status":"passed","title":"handles empty array","duration":0.15470000000004802,"failureMessages":[],"meta":{},"tags":[]},{"ancestorTitles":["chat mappers","embedAgentEmail"],"fullName":"chat mappers embedAgentEmail handles null","status":"passed","title":"handles null","duration":0.16679999999996653,"failureMessages":[],"meta":{},"tags":[]},{"ancestorTitles":["chat mappers","embedAgentEmail"],"fullName":"chat mappers embedAgentEmail handles single object","status":"passed","title":"handles single object","duration":0.1675000000000182,"failureMessages":[],"meta":{},"tags":[]},{"ancestorTitles":["chat mappers","embedAgentEmail"],"fullName":"chat mappers embedAgentEmail handles array","status":"passed","title":"handles array","duration":0.1471000000001368,"failureMessages":[],"meta":{},"tags":[]},{"ancestorTitles":["chat mappers","embedAgentPhoto"],"fullName":"chat mappers embedAgentPhoto handles null","status":"passed","title":"handles null","duration":0.19150000000036016,"failureMessages":[],"meta":{},"tags":[]},{"ancestorTitles":["chat mappers","embedAgentPhoto"],"fullName":"chat mappers embedAgentPhoto handles single object","status":"passed","title":"handles single object","duration":0.16300000000001091,"failureMessages":[],"meta":{},"tags":[]},{"ancestorTitles":["chat mappers","embedAgentPhoto"],"fullName":"chat mappers embedAgentPhoto handles array","status":"passed","title":"handles array","duration":0.13649999999961437,"failureMessages":[],"meta":{},"tags":[]}],"startTime":1786423397466,"endTime":1786423397478.163,"status":"passed","message":"","name":"C:/Users/facuh/OneDrive/Escritorio/Mis Proyectos/Landing Page/landing/apps/admin/src/lib/__tests__/chat.mappers.test.ts"},{"assertionResults":[{"ancestorTitles":["constantes de chat"],"fullName":"constantes de chat MESSAGE_TYPE_LABEL traduce todos los tipos de mensaje","status":"passed","title":"MESSAGE_TYPE_LABEL traduce todos los tipos de mensaje","duration":4.280199999999695,"failureMessages":[],"meta":{},"tags":[]},{"ancestorTitles":["constantes de chat"],"fullName":"constantes de chat CHANNEL_TYPE_LABEL traduce todos los tipos de canal","status":"failed","title":"CHANNEL_TYPE_LABEL traduce todos los tipos de canal","duration":17.417699999999968,"failureMessages":["AssertionError: expected { direct: 'Directo', …(3) } to deeply equal { direct: 'Directo', …(3) }\n    at C:/Users/facuh/OneDrive/Escritorio/Mis Proyectos/Landing Page/landing/apps/admin/src/lib/__tests__/chat.test.ts:147:36\n    at file:///C:/Users/facuh/OneDrive/Escritorio/Mis%20Proyectos/Landing%20Page/landing/node_modules/.pnpm/@vitest+runner@4.1.10/node_modules/@vitest/runner/dist/chunk-artifact.js:302:11\n    at file:///C:/Users/facuh/OneDrive/Escritorio/Mis%20Proyectos/Landing%20Page/landing/node_modules/.pnpm/@vitest+runner@4.1.10/node_modules/@vitest/runner/dist/chunk-artifact.js:1903:26\n    at file:///C:/Users/facuh/OneDrive/Escritorio/Mis%20Proyectos/Landing%20Page/landing/node_modules/.pnpm/@vitest+runner@4.1.10/node_modules/@vitest/runner/dist/chunk-artifact.js:2326:20\n    at new Promise (<anonymous>)\n    at runWithCancel (file:///C:/Users/facuh/OneDrive/Escritorio/Mis%20Proyectos/Landing%20Page/landing/node_modules/.pnpm/@vitest+runner@4.1.10/node_modules/@vitest/runner/dist/chunk-artifact.js:2323:10)\n    at file:///C:/Users/facuh/OneDrive/Escritorio/Mis%20Proyectos/Landing%20Page/landing/node_modules/.pnpm/@vitest+runner@4.1.10/node_modules/@vitest/runner/dist/chunk-artifact.js:2305:20\n    at new Promise (<anonymous>)\n    at runWithTimeout (file:///C:/Users/facuh/OneDrive/Escritorio/Mis%20Proyectos/Landing%20Page/landing/node_modules/.pnpm/@vitest+runner@4.1.10/node_modules/@vitest/runner/dist/chunk-artifact.js:2272:10)\n    at file:///C:/Users/facuh/OneDrive/Escritorio/Mis%20Proyectos/Landing%20Page/landing/node_modules/.pnpm/@vitest+runner@4.1.10/node_modules/@vitest/runner/dist/chunk-artifact.js:2955:64"],"meta":{},"tags":[]},{"ancestorTitles":["fetchChannels"],"fullName":"fetchChannels devuelve los canales del agente con participantes y last_message","status":"failed","title":"devuelve los canales del agente con participantes y last_message","duration":3.5118999999999687,"failureMessages":["AssertionError: expected [] to have a length of 1 but got +0\n    at Proxy.<anonymous> (file:///C:/Users/facuh/OneDrive/Escritorio/Mis%20Proyectos/Landing%20Page/landing/node_modules/.pnpm/@vitest+expect@4.1.10/node_modules/@vitest/expect/dist/index.js:1389:20)\n    at Proxy.<anonymous> (file:///C:/Users/facuh/OneDrive/Escritorio/Mis%20Proyectos/Landing%20Page/landing/node_modules/.pnpm/@vitest+expect@4.1.10/node_modules/@vitest/expect/dist/index.js:1156:15)\n    at Proxy.methodWrapper (file:///C:/Users/facuh/OneDrive/Escritorio/Mis%20Proyectos/Landing%20Page/landing/node_modules/.pnpm/chai@6.2.2/node_modules/chai/index.js:1700:25)\n    at C:/Users/facuh/OneDrive/Escritorio/Mis Proyectos/Landing Page/landing/apps/admin/src/lib/__tests__/chat.test.ts:166:22\n    at processTicksAndRejections (node:internal/process/task_queues:104:5)\n    at file:///C:/Users/facuh/OneDrive/Escritorio/Mis%20Proyectos/Landing%20Page/landing/node_modules/.pnpm/@vitest+runner@4.1.10/node_modules/@vitest/runner/dist/chunk-artifact.js:1903:20"],"meta":{},"tags":[]},{"ancestorTitles":["fetchChannels"],"fullName":"fetchChannels lanza error si la consulta falla","status":"failed","title":"lanza error si la consulta falla","duration":3.0271999999999935,"failureMessages":["Error: promise resolved \"[]\" instead of rejecting\n    at _Assertion.__VITEST_REJECTS__ (file:///C:/Users/facuh/OneDrive/Escritorio/Mis%20Proyectos/Landing%20Page/landing/node_modules/.pnpm/@vitest+expect@4.1.10/node_modules/@vitest/expect/dist/index.js:1747:17)\n    at _Assertion.propertyGetter (file:///C:/Users/facuh/OneDrive/Escritorio/Mis%20Proyectos/Landing%20Page/landing/node_modules/.pnpm/chai@6.2.2/node_modules/chai/index.js:1570:27)\n    at Reflect.get (<anonymous>)\n    at Object.proxyGetter [as get] (file:///C:/Users/facuh/OneDrive/Escritorio/Mis%20Proyectos/Landing%20Page/landing/node_modules/.pnpm/chai@6.2.2/node_modules/chai/index.js:1659:22)\n    at C:/Users/facuh/OneDrive/Escritorio/Mis Proyectos/Landing Page/landing/apps/admin/src/lib/__tests__/chat.test.ts:189:41\n    at file:///C:/Users/facuh/OneDrive/Escritorio/Mis%20Proyectos/Landing%20Page/landing/node_modules/.pnpm/@vitest+runner@4.1.10/node_modules/@vitest/runner/dist/chunk-artifact.js:302:11\n    at file:///C:/Users/facuh/OneDrive/Escritorio/Mis%20Proyectos/Landing%20Page/landing/node_modules/.pnpm/@vitest+runner@4.1.10/node_modules/@vitest/runner/dist/chunk-artifact.js:1903:26\n    at file:///C:/Users/facuh/OneDrive/Escritorio/Mis%20Proyectos/Landing%20Page/landing/node_modules/.pnpm/@vitest+runner@4.1.10/node_modules/@vitest/runner/dist/chunk-artifact.js:2326:20\n    at new Promise (<anonymous>)\n    at runWithCancel (file:///C:/Users/facuh/OneDrive/Escritorio/Mis%20Proyectos/Landing%20Page/landing/node_modules/.pnpm/@vitest+runner@4.1.10/node_modules/@vitest/runner/dist/chunk-artifact.js:2323:10)"],"meta":{},"tags":[]},{"ancestorTitles":["fetchChannels"],"fullName":"fetchChannels devuelve un arreglo vacío si no hay canales","status":"passed","title":"devuelve un arreglo vacío si no hay canales","duration":1.4807999999998174,"failureMessages":[],"meta":{},"tags":[]},{"ancestorTitles":["fetchChannel"],"fullName":"fetchChannel devuelve el canal por id","status":"failed","title":"devuelve el canal por id","duration":4.761799999999766,"failureMessages":["AssertionError: expected \"vi.fn()\" to be called with arguments: [ 'deleted_at', null ]\n\nNumber of calls: 0\n\n    at Proxy.<anonymous> (file:///C:/Users/facuh/OneDrive/Escritorio/Mis%20Proyectos/Landing%20Page/landing/node_modules/.pnpm/@vitest+expect@4.1.10/node_modules/@vitest/expect/dist/index.js:1487:10)\n    at Proxy.<anonymous> (file:///C:/Users/facuh/OneDrive/Escritorio/Mis%20Proyectos/Landing%20Page/landing/node_modules/.pnpm/@vitest+expect@4.1.10/node_modules/@vitest/expect/dist/index.js:1156:15)\n    at Proxy.methodWrapper (file:///C:/Users/facuh/OneDrive/Escritorio/Mis%20Proyectos/Landing%20Page/landing/node_modules/.pnpm/chai@6.2.2/node_modules/chai/index.js:1700:25)\n    at C:/Users/facuh/OneDrive/Escritorio/Mis Proyectos/Landing Page/landing/apps/admin/src/lib/__tests__/chat.test.ts:210:26\n    at processTicksAndRejections (node:internal/process/task_queues:104:5)\n    at file:///C:/Users/facuh/OneDrive/Escritorio/Mis%20Proyectos/Landing%20Page/landing/node_modules/.pnpm/@vitest+runner@4.1.10/node_modules/@vitest/runner/dist/chunk-artifact.js:1903:20"],"meta":{},"tags":[]},{"ancestorTitles":["fetchChannel"],"fullName":"fetchChannel lanza error si la consulta falla","status":"passed","title":"lanza error si la consulta falla","duration":1.8416999999999462,"failureMessages":[],"meta":{},"tags":[]},{"ancestorTitles":["fetchChannel"],"fullName":"fetchChannel lanza error si el canal no existe","status":"passed","title":"lanza error si el canal no existe","duration":0.6772999999998319,"failureMessages":[],"meta":{},"tags":[]},{"ancestorTitles":["createDirectChannel"],"fullName":"createDirectChannel reutiliza un canal directo existente entre los mismos agentes","status":"failed","title":"reutiliza un canal directo existente entre los mismos agentes","duration":1.920799999999872,"failureMessages":["TypeError: Cannot read properties of null (reading 'id')\n    at C:/Users/facuh/OneDrive/Escritorio/Mis Proyectos/Landing Page/landing/apps/admin/src/lib/chat.ts:267:29\n    at Array.map (<anonymous>)\n    at createDirectChannel (C:/Users/facuh/OneDrive/Escritorio/Mis Proyectos/Landing Page/landing/apps/admin/src/lib/chat.ts:266:35)\n    at processTicksAndRejections (node:internal/process/task_queues:104:5)\n    at C:/Users/facuh/OneDrive/Escritorio/Mis Proyectos/Landing Page/landing/apps/admin/src/lib/__tests__/chat.test.ts:243:24"],"meta":{},"tags":[]},{"ancestorTitles":["createDirectChannel"],"fullName":"createDirectChannel crea un canal nuevo si los participantes no coinciden","status":"passed","title":"crea un canal nuevo si los participantes no coinciden","duration":1.3523000000000138,"failureMessages":[],"meta":{},"tags":[]},{"ancestorTitles":["createDirectChannel"],"fullName":"createDirectChannel crea un canal nuevo si no existe ninguno previo","status":"passed","title":"crea un canal nuevo si no existe ninguno previo","duration":2.062999999999647,"failureMessages":[],"meta":{},"tags":[]},{"ancestorTitles":["createDirectChannel"],"fullName":"createDirectChannel lanza error si falla la creación del canal","status":"passed","title":"lanza error si falla la creación del canal","duration":0.7202000000002045,"failureMessages":[],"meta":{},"tags":[]},{"ancestorTitles":["createDirectChannel"],"fullName":"createDirectChannel lanza error si falla la inserción de participantes","status":"passed","title":"lanza error si falla la inserción de participantes","duration":2.066200000000208,"failureMessages":[],"meta":{},"tags":[]},{"ancestorTitles":["createGroupChannel"],"fullName":"createGroupChannel crea un canal grupal y agrega los participantes","status":"passed","title":"crea un canal grupal y agrega los participantes","duration":3.25400000000036,"failureMessages":[],"meta":{},"tags":[]},{"ancestorTitles":["createGroupChannel"],"fullName":"createGroupChannel lanza error si falla la creación del canal","status":"passed","title":"lanza error si falla la creación del canal","duration":0.864100000000235,"failureMessages":[],"meta":{},"tags":[]},{"ancestorTitles":["createGroupChannel"],"fullName":"createGroupChannel lanza error si falla la inserción de participantes","status":"passed","title":"lanza error si falla la inserción de participantes","duration":3.0032000000001062,"failureMessages":[],"meta":{},"tags":[]},{"ancestorTitles":["createPropertyChannel"],"fullName":"createPropertyChannel usa el título de la propiedad como nombre del canal","status":"failed","title":"usa el título de la propiedad como nombre del canal","duration":2.4236000000000786,"failureMessages":["AssertionError: expected undefined to be 'c1' // Object.is equality\n    at C:/Users/facuh/OneDrive/Escritorio/Mis Proyectos/Landing Page/landing/apps/admin/src/lib/__tests__/chat.test.ts:349:27\n    at processTicksAndRejections (node:internal/process/task_queues:104:5)\n    at file:///C:/Users/facuh/OneDrive/Escritorio/Mis%20Proyectos/Landing%20Page/landing/node_modules/.pnpm/@vitest+runner@4.1.10/node_modules/@vitest/runner/dist/chunk-artifact.js:1903:20"],"meta":{},"tags":[]},{"ancestorTitles":["createPropertyChannel"],"fullName":"createPropertyChannel usa un nombre genérico si la propiedad no existe","status":"failed","title":"usa un nombre genérico si la propiedad no existe","duration":1.0536999999999352,"failureMessages":["Error: Canal no encontrado\n    at fetchChannel (C:/Users/facuh/OneDrive/Escritorio/Mis Proyectos/Landing Page/landing/apps/admin/src/lib/chat.ts:250:22)\n    at processTicksAndRejections (node:internal/process/task_queues:104:5)"],"meta":{},"tags":[]},{"ancestorTitles":["createPropertyChannel"],"fullName":"createPropertyChannel lanza error si falla la creación del canal","status":"passed","title":"lanza error si falla la creación del canal","duration":1.0363999999999578,"failureMessages":[],"meta":{},"tags":[]},{"ancestorTitles":["createLeadChannel"],"fullName":"createLeadChannel arma el nombre con nombre y apellido del lead","status":"failed","title":"arma el nombre con nombre y apellido del lead","duration":1.9002000000000407,"failureMessages":["AssertionError: expected undefined to be 'c1' // Object.is equality\n    at C:/Users/facuh/OneDrive/Escritorio/Mis Proyectos/Landing Page/landing/apps/admin/src/lib/__tests__/chat.test.ts:390:27\n    at processTicksAndRejections (node:internal/process/task_queues:104:5)\n    at file:///C:/Users/facuh/OneDrive/Escritorio/Mis%20Proyectos/Landing%20Page/landing/node_modules/.pnpm/@vitest+runner@4.1.10/node_modules/@vitest/runner/dist/chunk-artifact.js:1903:20"],"meta":{},"tags":[]},{"ancestorTitles":["createLeadChannel"],"fullName":"createLeadChannel usa un nombre genérico si el lead no existe","status":"failed","title":"usa un nombre genérico si el lead no existe","duration":2.9139000000000124,"failureMessages":["Error: Canal no encontrado\n    at fetchChannel (C:/Users/facuh/OneDrive/Escritorio/Mis Proyectos/Landing Page/landing/apps/admin/src/lib/chat.ts:250:22)\n    at processTicksAndRejections (node:internal/process/task_queues:104:5)"],"meta":{},"tags":[]},{"ancestorTitles":["createLeadChannel"],"fullName":"createLeadChannel lanza error si falla la creación del canal","status":"passed","title":"lanza error si falla la creación del canal","duration":1.632499999999709,"failureMessages":[],"meta":{},"tags":[]},{"ancestorTitles":["addParticipant"],"fullName":"addParticipant agrega un participante al canal","status":"failed","title":"agrega un participante al canal","duration":0.9515999999998712,"failureMessages":["TypeError: (0 , __vite_ssr_import_3__.addParticipant) is not a function\n    at C:/Users/facuh/OneDrive/Escritorio/Mis Proyectos/Landing Page/landing/apps/admin/src/lib/__tests__/chat.test.ts:426:15\n    at file:///C:/Users/facuh/OneDrive/Escritorio/Mis%20Proyectos/Landing%20Page/landing/node_modules/.pnpm/@vitest+runner@4.1.10/node_modules/@vitest/runner/dist/chunk-artifact.js:302:11\n    at file:///C:/Users/facuh/OneDrive/Escritorio/Mis%20Proyectos/Landing%20Page/landing/node_modules/.pnpm/@vitest+runner@4.1.10/node_modules/@vitest/runner/dist/chunk-artifact.js:1903:26\n    at file:///C:/Users/facuh/OneDrive/Escritorio/Mis%20Proyectos/Landing%20Page/landing/node_modules/.pnpm/@vitest+runner@4.1.10/node_modules/@vitest/runner/dist/chunk-artifact.js:2326:20\n    at new Promise (<anonymous>)\n    at runWithCancel (file:///C:/Users/facuh/OneDrive/Escritorio/Mis%20Proyectos/Landing%20Page/landing/node_modules/.pnpm/@vitest+runner@4.1.10/node_modules/@vitest/runner/dist/chunk-artifact.js:2323:10)\n    at file:///C:/Users/facuh/OneDrive/Escritorio/Mis%20Proyectos/Landing%20Page/landing/node_modules/.pnpm/@vitest+runner@4.1.10/node_modules/@vitest/runner/dist/chunk-artifact.js:2305:20\n    at new Promise (<anonymous>)\n    at runWithTimeout (file:///C:/Users/facuh/OneDrive/Escritorio/Mis%20Proyectos/Landing%20Page/landing/node_modules/.pnpm/@vitest+runner@4.1.10/node_modules/@vitest/runner/dist/chunk-artifact.js:2272:10)\n    at file:///C:/Users/facuh/OneDrive/Escritorio/Mis%20Proyectos/Landing%20Page/landing/node_modules/.pnpm/@vitest+runner@4.1.10/node_modules/@vitest/runner/dist/chunk-artifact.js:2955:64"],"meta":{},"tags":[]},{"ancestorTitles":["addParticipant"],"fullName":"addParticipant lanza error si el insert falla","status":"failed","title":"lanza error si el insert falla","duration":1.2366000000001804,"failureMessages":["TypeError: (0 , __vite_ssr_import_3__.addParticipant) is not a function\n    at C:/Users/facuh/OneDrive/Escritorio/Mis Proyectos/Landing Page/landing/apps/admin/src/lib/__tests__/chat.test.ts:435:22\n    at file:///C:/Users/facuh/OneDrive/Escritorio/Mis%20Proyectos/Landing%20Page/landing/node_modules/.pnpm/@vitest+runner@4.1.10/node_modules/@vitest/runner/dist/chunk-artifact.js:302:11\n    at file:///C:/Users/facuh/OneDrive/Escritorio/Mis%20Proyectos/Landing%20Page/landing/node_modules/.pnpm/@vitest+runner@4.1.10/node_modules/@vitest/runner/dist/chunk-artifact.js:1903:26\n    at file:///C:/Users/facuh/OneDrive/Escritorio/Mis%20Proyectos/Landing%20Page/landing/node_modules/.pnpm/@vitest+runner@4.1.10/node_modules/@vitest/runner/dist/chunk-artifact.js:2326:20\n    at new Promise (<anonymous>)\n    at runWithCancel (file:///C:/Users/facuh/OneDrive/Escritorio/Mis%20Proyectos/Landing%20Page/landing/node_modules/.pnpm/@vitest+runner@4.1.10/node_modules/@vitest/runner/dist/chunk-artifact.js:2323:10)\n    at file:///C:/Users/facuh/OneDrive/Escritorio/Mis%20Proyectos/Landing%20Page/landing/node_modules/.pnpm/@vitest+runner@4.1.10/node_modules/@vitest/runner/dist/chunk-artifact.js:2305:20\n    at new Promise (<anonymous>)\n    at runWithTimeout (file:///C:/Users/facuh/OneDrive/Escritorio/Mis%20Proyectos/Landing%20Page/landing/node_modules/.pnpm/@vitest+runner@4.1.10/node_modules/@vitest/runner/dist/chunk-artifact.js:2272:10)\n    at file:///C:/Users/facuh/OneDrive/Escritorio/Mis%20Proyectos/Landing%20Page/landing/node_modules/.pnpm/@vitest+runner@4.1.10/node_modules/@vitest/runner/dist/chunk-artifact.js:2955:64"],"meta":{},"tags":[]},{"ancestorTitles":["removeParticipant"],"fullName":"removeParticipant elimina un participante del canal","status":"failed","title":"elimina un participante del canal","duration":0.6860000000001492,"failureMessages":["TypeError: (0 , __vite_ssr_import_3__.removeParticipant) is not a function\n    at C:/Users/facuh/OneDrive/Escritorio/Mis Proyectos/Landing Page/landing/apps/admin/src/lib/__tests__/chat.test.ts:448:15\n    at file:///C:/Users/facuh/OneDrive/Escritorio/Mis%20Proyectos/Landing%20Page/landing/node_modules/.pnpm/@vitest+runner@4.1.10/node_modules/@vitest/runner/dist/chunk-artifact.js:302:11\n    at file:///C:/Users/facuh/OneDrive/Escritorio/Mis%20Proyectos/Landing%20Page/landing/node_modules/.pnpm/@vitest+runner@4.1.10/node_modules/@vitest/runner/dist/chunk-artifact.js:1903:26\n    at file:///C:/Users/facuh/OneDrive/Escritorio/Mis%20Proyectos/Landing%20Page/landing/node_modules/.pnpm/@vitest+runner@4.1.10/node_modules/@vitest/runner/dist/chunk-artifact.js:2326:20\n    at new Promise (<anonymous>)\n    at runWithCancel (file:///C:/Users/facuh/OneDrive/Escritorio/Mis%20Proyectos/Landing%20Page/landing/node_modules/.pnpm/@vitest+runner@4.1.10/node_modules/@vitest/runner/dist/chunk-artifact.js:2323:10)\n    at file:///C:/Users/facuh/OneDrive/Escritorio/Mis%20Proyectos/Landing%20Page/landing/node_modules/.pnpm/@vitest+runner@4.1.10/node_modules/@vitest/runner/dist/chunk-artifact.js:2305:20\n    at new Promise (<anonymous>)\n    at runWithTimeout (file:///C:/Users/facuh/OneDrive/Escritorio/Mis%20Proyectos/Landing%20Page/landing/node_modules/.pnpm/@vitest+runner@4.1.10/node_modules/@vitest/runner/dist/chunk-artifact.js:2272:10)\n    at file:///C:/Users/facuh/OneDrive/Escritorio/Mis%20Proyectos/Landing%20Page/landing/node_modules/.pnpm/@vitest+runner@4.1.10/node_modules/@vitest/runner/dist/chunk-artifact.js:2955:64"],"meta":{},"tags":[]},{"ancestorTitles":["removeParticipant"],"fullName":"removeParticipant lanza error si el delete falla","status":"failed","title":"lanza error si el delete falla","duration":0.737699999999677,"failureMessages":["TypeError: (0 , __vite_ssr_import_3__.removeParticipant) is not a function\n    at C:/Users/facuh/OneDrive/Escritorio/Mis Proyectos/Landing Page/landing/apps/admin/src/lib/__tests__/chat.test.ts:462:22\n    at file:///C:/Users/facuh/OneDrive/Escritorio/Mis%20Proyectos/Landing%20Page/landing/node_modules/.pnpm/@vitest+runner@4.1.10/node_modules/@vitest/runner/dist/chunk-artifact.js:302:11\n    at file:///C:/Users/facuh/OneDrive/Escritorio/Mis%20Proyectos/Landing%20Page/landing/node_modules/.pnpm/@vitest+runner@4.1.10/node_modules/@vitest/runner/dist/chunk-artifact.js:1903:26\n    at file:///C:/Users/facuh/OneDrive/Escritorio/Mis%20Proyectos/Landing%20Page/landing/node_modules/.pnpm/@vitest+runner@4.1.10/node_modules/@vitest/runner/dist/chunk-artifact.js:2326:20\n    at new Promise (<anonymous>)\n    at runWithCancel (file:///C:/Users/facuh/OneDrive/Escritorio/Mis%20Proyectos/Landing%20Page/landing/node_modules/.pnpm/@vitest+runner@4.1.10/node_modules/@vitest/runner/dist/chunk-artifact.js:2323:10)\n    at file:///C:/Users/facuh/OneDrive/Escritorio/Mis%20Proyectos/Landing%20Page/landing/node_modules/.pnpm/@vitest+runner@4.1.10/node_modules/@vitest/runner/dist/chunk-artifact.js:2305:20\n    at new Promise (<anonymous>)\n    at runWithTimeout (file:///C:/Users/facuh/OneDrive/Escritorio/Mis%20Proyectos/Landing%20Page/landing/node_modules/.pnpm/@vitest+runner@4.1.10/node_modules/@vitest/runner/dist/chunk-artifact.js:2272:10)\n    at file:///C:/Users/facuh/OneDrive/Escritorio/Mis%20Proyectos/Landing%20Page/landing/node_modules/.pnpm/@vitest+runner@4.1.10/node_modules/@vitest/runner/dist/chunk-artifact.js:2955:64"],"meta":{},"tags":[]},{"ancestorTitles":["fetchMessages"],"fullName":"fetchMessages devuelve los mensajes en orden cronológico ascendente","status":"failed","title":"devuelve los mensajes en orden cronológico ascendente","duration":2.1428000000000793,"failureMessages":["AssertionError: expected [] to deeply equal [ 'm-a', 'm-b' ]\n    at C:/Users/facuh/OneDrive/Escritorio/Mis Proyectos/Landing Page/landing/apps/admin/src/lib/__tests__/chat.test.ts:479:39\n    at processTicksAndRejections (node:internal/process/task_queues:104:5)\n    at file:///C:/Users/facuh/OneDrive/Escritorio/Mis%20Proyectos/Landing%20Page/landing/node_modules/.pnpm/@vitest+runner@4.1.10/node_modules/@vitest/runner/dist/chunk-artifact.js:1903:20"],"meta":{},"tags":[]},{"ancestorTitles":["fetchMessages"],"fullName":"fetchMessages paginación hacia atrás con before","status":"failed","title":"paginación hacia atrás con before","duration":2.324200000000019,"failureMessages":["AssertionError: expected [] to have a length of 1 but got +0\n    at Proxy.<anonymous> (file:///C:/Users/facuh/OneDrive/Escritorio/Mis%20Proyectos/Landing%20Page/landing/node_modules/.pnpm/@vitest+expect@4.1.10/node_modules/@vitest/expect/dist/index.js:1389:20)\n    at Proxy.<anonymous> (file:///C:/Users/facuh/OneDrive/Escritorio/Mis%20Proyectos/Landing%20Page/landing/node_modules/.pnpm/@vitest+expect@4.1.10/node_modules/@vitest/expect/dist/index.js:1156:15)\n    at Proxy.methodWrapper (file:///C:/Users/facuh/OneDrive/Escritorio/Mis%20Proyectos/Landing%20Page/landing/node_modules/.pnpm/chai@6.2.2/node_modules/chai/index.js:1700:25)\n    at C:/Users/facuh/OneDrive/Escritorio/Mis Proyectos/Landing Page/landing/apps/admin/src/lib/__tests__/chat.test.ts:496:22\n    at processTicksAndRejections (node:internal/process/task_queues:104:5)\n    at file:///C:/Users/facuh/OneDrive/Escritorio/Mis%20Proyectos/Landing%20Page/landing/node_modules/.pnpm/@vitest+runner@4.1.10/node_modules/@vitest/runner/dist/chunk-artifact.js:1903:20"],"meta":{},"tags":[]},{"ancestorTitles":["fetchMessages"],"fullName":"fetchMessages lanza error si la consulta falla","status":"failed","title":"lanza error si la consulta falla","duration":1.1293000000000575,"failureMessages":["Error: promise resolved \"[]\" instead of rejecting\n    at _Assertion.__VITEST_REJECTS__ (file:///C:/Users/facuh/OneDrive/Escritorio/Mis%20Proyectos/Landing%20Page/landing/node_modules/.pnpm/@vitest+expect@4.1.10/node_modules/@vitest/expect/dist/index.js:1747:17)\n    at _Assertion.propertyGetter (file:///C:/Users/facuh/OneDrive/Escritorio/Mis%20Proyectos/Landing%20Page/landing/node_modules/.pnpm/chai@6.2.2/node_modules/chai/index.js:1570:27)\n    at Reflect.get (<anonymous>)\n    at Object.proxyGetter [as get] (file:///C:/Users/facuh/OneDrive/Escritorio/Mis%20Proyectos/Landing%20Page/landing/node_modules/.pnpm/chai@6.2.2/node_modules/chai/index.js:1659:22)\n    at C:/Users/facuh/OneDrive/Escritorio/Mis Proyectos/Landing Page/landing/apps/admin/src/lib/__tests__/chat.test.ts:505:41\n    at file:///C:/Users/facuh/OneDrive/Escritorio/Mis%20Proyectos/Landing%20Page/landing/node_modules/.pnpm/@vitest+runner@4.1.10/node_modules/@vitest/runner/dist/chunk-artifact.js:302:11\n    at file:///C:/Users/facuh/OneDrive/Escritorio/Mis%20Proyectos/Landing%20Page/landing/node_modules/.pnpm/@vitest+runner@4.1.10/node_modules/@vitest/runner/dist/chunk-artifact.js:1903:26\n    at file:///C:/Users/facuh/OneDrive/Escritorio/Mis%20Proyectos/Landing%20Page/landing/node_modules/.pnpm/@vitest+runner@4.1.10/node_modules/@vitest/runner/dist/chunk-artifact.js:2326:20\n    at new Promise (<anonymous>)\n    at runWithCancel (file:///C:/Users/facuh/OneDrive/Escritorio/Mis%20Proyectos/Landing%20Page/landing/node_modules/.pnpm/@vitest+runner@4.1.10/node_modules/@vitest/runner/dist/chunk-artifact.js:2323:10)"],"meta":{},"tags":[]},{"ancestorTitles":["fetchMessages"],"fullName":"fetchMessages devuelve un arreglo vacío si no hay mensajes","status":"passed","title":"devuelve un arreglo vacío si no hay mensajes","duration":0.7944999999999709,"failureMessages":[],"meta":{},"tags":[]},{"ancestorTitles":["fetchMessage"],"fullName":"fetchMessage devuelve un mensaje con reply_to y lecturas mapeadas","status":"failed","title":"devuelve un mensaje con reply_to y lecturas mapeadas","duration":1.5325000000002547,"failureMessages":["AssertionError: expected \"vi.fn()\" to be called with arguments: [ 'deleted_at', null ]\n\nNumber of calls: 0\n\n    at Proxy.<anonymous> (file:///C:/Users/facuh/OneDrive/Escritorio/Mis%20Proyectos/Landing%20Page/landing/node_modules/.pnpm/@vitest+expect@4.1.10/node_modules/@vitest/expect/dist/index.js:1487:10)\n    at Proxy.<anonymous> (file:///C:/Users/facuh/OneDrive/Escritorio/Mis%20Proyectos/Landing%20Page/landing/node_modules/.pnpm/@vitest+expect@4.1.10/node_modules/@vitest/expect/dist/index.js:1156:15)\n    at Proxy.methodWrapper (file:///C:/Users/facuh/OneDrive/Escritorio/Mis%20Proyectos/Landing%20Page/landing/node_modules/.pnpm/chai@6.2.2/node_modules/chai/index.js:1700:25)\n    at C:/Users/facuh/OneDrive/Escritorio/Mis Proyectos/Landing Page/landing/apps/admin/src/lib/__tests__/chat.test.ts:532:26\n    at processTicksAndRejections (node:internal/process/task_queues:104:5)\n    at file:///C:/Users/facuh/OneDrive/Escritorio/Mis%20Proyectos/Landing%20Page/landing/node_modules/.pnpm/@vitest+runner@4.1.10/node_modules/@vitest/runner/dist/chunk-artifact.js:1903:20"],"meta":{},"tags":[]},{"ancestorTitles":["fetchMessage"],"fullName":"fetchMessage lanza error si el mensaje no existe","status":"passed","title":"lanza error si el mensaje no existe","duration":2.0569000000000415,"failureMessages":[],"meta":{},"tags":[]},{"ancestorTitles":["fetchMessage"],"fullName":"fetchMessage lanza error si la consulta falla","status":"passed","title":"lanza error si la consulta falla","duration":0.5579000000002452,"failureMessages":[],"meta":{},"tags":[]},{"ancestorTitles":["sendMessage"],"fullName":"sendMessage envía un mensaje de texto con los valores por defecto","status":"passed","title":"envía un mensaje de texto con los valores por defecto","duration":2.3683999999998377,"failureMessages":[],"meta":{},"tags":[]},{"ancestorTitles":["sendMessage"],"fullName":"sendMessage envía un mensaje con archivo y reply","status":"passed","title":"envía un mensaje con archivo y reply","duration":1.9915000000000873,"failureMessages":[],"meta":{},"tags":[]},{"ancestorTitles":["sendMessage"],"fullName":"sendMessage lanza error si el insert falla","status":"passed","title":"lanza error si el insert falla","duration":3.1188999999999396,"failureMessages":[],"meta":{},"tags":[]},{"ancestorTitles":["timestamps automáticos"],"fullName":"timestamps automáticos editMessage actualiza el contenido y edited_at","status":"passed","title":"editMessage actualiza el contenido y edited_at","duration":4.581199999999626,"failureMessages":[],"meta":{},"tags":[]},{"ancestorTitles":["timestamps automáticos"],"fullName":"timestamps automáticos editMessage lanza error si falla","status":"passed","title":"editMessage lanza error si falla","duration":1.7204999999999018,"failureMessages":[],"meta":{},"tags":[]},{"ancestorTitles":["timestamps automáticos"],"fullName":"timestamps automáticos softDeleteMessage marca deleted_at y reemplaza el contenido","status":"passed","title":"softDeleteMessage marca deleted_at y reemplaza el contenido","duration":2.7630000000003747,"failureMessages":[],"meta":{},"tags":[]},{"ancestorTitles":["timestamps automáticos"],"fullName":"timestamps automáticos softDeleteMessage lanza error si falla","status":"passed","title":"softDeleteMessage lanza error si falla","duration":0.8061999999999898,"failureMessages":[],"meta":{},"tags":[]},{"ancestorTitles":["timestamps automáticos"],"fullName":"timestamps automáticos markAsRead inserta la lectura con read_at","status":"passed","title":"markAsRead inserta la lectura con read_at","duration":0.8318999999996777,"failureMessages":[],"meta":{},"tags":[]},{"ancestorTitles":["timestamps automáticos"],"fullName":"timestamps automáticos markAsRead lanza error si falla","status":"passed","title":"markAsRead lanza error si falla","duration":1.1916000000001077,"failureMessages":[],"meta":{},"tags":[]},{"ancestorTitles":["timestamps automáticos"],"fullName":"timestamps automáticos markChannelAsRead marca los no leídos y actualiza last_read_at","status":"passed","title":"markChannelAsRead marca los no leídos y actualiza last_read_at","duration":2.7836999999999534,"failureMessages":[],"meta":{},"tags":[]},{"ancestorTitles":["timestamps automáticos"],"fullName":"timestamps automáticos markChannelAsRead no inserta reads si no hay mensajes no leídos","status":"passed","title":"markChannelAsRead no inserta reads si no hay mensajes no leídos","duration":2.8724999999999454,"failureMessages":[],"meta":{},"tags":[]},{"ancestorTitles":["timestamps automáticos"],"fullName":"timestamps automáticos markChannelAsRead no filtra por not si no hay lecturas previas","status":"passed","title":"markChannelAsRead no filtra por not si no hay lecturas previas","duration":1.7089999999998327,"failureMessages":[],"meta":{},"tags":[]},{"ancestorTitles":["updateLastRead"],"fullName":"updateLastRead actualiza last_read_at del participante","status":"failed","title":"actualiza last_read_at del participante","duration":3.757000000000062,"failureMessages":["TypeError: (0 , __vite_ssr_import_3__.updateLastRead) is not a function\n    at C:/Users/facuh/OneDrive/Escritorio/Mis Proyectos/Landing Page/landing/apps/admin/src/lib/__tests__/chat.test.ts:739:15\n    at file:///C:/Users/facuh/OneDrive/Escritorio/Mis%20Proyectos/Landing%20Page/landing/node_modules/.pnpm/@vitest+runner@4.1.10/node_modules/@vitest/runner/dist/chunk-artifact.js:302:11\n    at file:///C:/Users/facuh/OneDrive/Escritorio/Mis%20Proyectos/Landing%20Page/landing/node_modules/.pnpm/@vitest+runner@4.1.10/node_modules/@vitest/runner/dist/chunk-artifact.js:1903:26\n    at file:///C:/Users/facuh/OneDrive/Escritorio/Mis%20Proyectos/Landing%20Page/landing/node_modules/.pnpm/@vitest+runner@4.1.10/node_modules/@vitest/runner/dist/chunk-artifact.js:2326:20\n    at new Promise (<anonymous>)\n    at runWithCancel (file:///C:/Users/facuh/OneDrive/Escritorio/Mis%20Proyectos/Landing%20Page/landing/node_modules/.pnpm/@vitest+runner@4.1.10/node_modules/@vitest/runner/dist/chunk-artifact.js:2323:10)\n    at file:///C:/Users/facuh/OneDrive/Escritorio/Mis%20Proyectos/Landing%20Page/landing/node_modules/.pnpm/@vitest+runner@4.1.10/node_modules/@vitest/runner/dist/chunk-artifact.js:2305:20\n    at new Promise (<anonymous>)\n    at runWithTimeout (file:///C:/Users/facuh/OneDrive/Escritorio/Mis%20Proyectos/Landing%20Page/landing/node_modules/.pnpm/@vitest+runner@4.1.10/node_modules/@vitest/runner/dist/chunk-artifact.js:2272:10)\n    at file:///C:/Users/facuh/OneDrive/Escritorio/Mis%20Proyectos/Landing%20Page/landing/node_modules/.pnpm/@vitest+runner@4.1.10/node_modules/@vitest/runner/dist/chunk-artifact.js:2955:64"],"meta":{},"tags":[]},{"ancestorTitles":["updateLastRead"],"fullName":"updateLastRead lanza error si falla","status":"failed","title":"lanza error si falla","duration":1.3928999999998268,"failureMessages":["TypeError: (0 , __vite_ssr_import_3__.updateLastRead) is not a function\n    at C:/Users/facuh/OneDrive/Escritorio/Mis Proyectos/Landing Page/landing/apps/admin/src/lib/__tests__/chat.test.ts:753:22\n    at file:///C:/Users/facuh/OneDrive/Escritorio/Mis%20Proyectos/Landing%20Page/landing/node_modules/.pnpm/@vitest+runner@4.1.10/node_modules/@vitest/runner/dist/chunk-artifact.js:302:11\n    at file:///C:/Users/facuh/OneDrive/Escritorio/Mis%20Proyectos/Landing%20Page/landing/node_modules/.pnpm/@vitest+runner@4.1.10/node_modules/@vitest/runner/dist/chunk-artifact.js:1903:26\n    at file:///C:/Users/facuh/OneDrive/Escritorio/Mis%20Proyectos/Landing%20Page/landing/node_modules/.pnpm/@vitest+runner@4.1.10/node_modules/@vitest/runner/dist/chunk-artifact.js:2326:20\n    at new Promise (<anonymous>)\n    at runWithCancel (file:///C:/Users/facuh/OneDrive/Escritorio/Mis%20Proyectos/Landing%20Page/landing/node_modules/.pnpm/@vitest+runner@4.1.10/node_modules/@vitest/runner/dist/chunk-artifact.js:2323:10)\n    at file:///C:/Users/facuh/OneDrive/Escritorio/Mis%20Proyectos/Landing%20Page/landing/node_modules/.pnpm/@vitest+runner@4.1.10/node_modules/@vitest/runner/dist/chunk-artifact.js:2305:20\n    at new Promise (<anonymous>)\n    at runWithTimeout (file:///C:/Users/facuh/OneDrive/Escritorio/Mis%20Proyectos/Landing%20Page/landing/node_modules/.pnpm/@vitest+runner@4.1.10/node_modules/@vitest/runner/dist/chunk-artifact.js:2272:10)\n    at file:///C:/Users/facuh/OneDrive/Escritorio/Mis%20Proyectos/Landing%20Page/landing/node_modules/.pnpm/@vitest+runner@4.1.10/node_modules/@vitest/runner/dist/chunk-artifact.js:2955:64"],"meta":{},"tags":[]},{"ancestorTitles":["subscribeToChannelMessages"],"fullName":"subscribeToChannelMessages se suscribe al canal con el filtro correcto","status":"failed","title":"se suscribe al canal con el filtro correcto","duration":0.8198999999999614,"failureMessages":["TypeError: Cannot read properties of undefined (reading 'mockImplementation')\n    at C:/Users/facuh/OneDrive/Escritorio/Mis Proyectos/Landing Page/landing/apps/admin/src/lib/__tests__/chat.test.ts:779:47\n    at file:///C:/Users/facuh/OneDrive/Escritorio/Mis%20Proyectos/Landing%20Page/landing/node_modules/.pnpm/@vitest+runner@4.1.10/node_modules/@vitest/runner/dist/chunk-artifact.js:302:11\n    at wrapper (file:///C:/Users/facuh/OneDrive/Escritorio/Mis%20Proyectos/Landing%20Page/landing/node_modules/.pnpm/@vitest+runner@4.1.10/node_modules/@vitest/runner/dist/chunk-artifact.js:722:10)\n    at file:///C:/Users/facuh/OneDrive/Escritorio/Mis%20Proyectos/Landing%20Page/landing/node_modules/.pnpm/@vitest+runner@4.1.10/node_modules/@vitest/runner/dist/chunk-artifact.js:2305:20\n    at new Promise (<anonymous>)\n    at runWithTimeout (file:///C:/Users/facuh/OneDrive/Escritorio/Mis%20Proyectos/Landing%20Page/landing/node_modules/.pnpm/@vitest+runner@4.1.10/node_modules/@vitest/runner/dist/chunk-artifact.js:2272:10)\n    at file:///C:/Users/facuh/OneDrive/Escritorio/Mis%20Proyectos/Landing%20Page/landing/node_modules/.pnpm/@vitest+runner@4.1.10/node_modules/@vitest/runner/dist/chunk-artifact.js:2621:52\n    at run (file:///C:/Users/facuh/OneDrive/Escritorio/Mis%20Proyectos/Landing%20Page/landing/node_modules/.pnpm/@vitest+runner@4.1.10/node_modules/@vitest/runner/dist/chunk-artifact.js:1150:20)\n    at limiterFn (file:///C:/Users/facuh/OneDrive/Escritorio/Mis%20Proyectos/Landing%20Page/landing/node_modules/.pnpm/@vitest+runner@4.1.10/node_modules/@vitest/runner/dist/chunk-artifact.js:1162:59)\n    at runHook (file:///C:/Users/facuh/OneDrive/Escritorio/Mis%20Proyectos/Landing%20Page/landing/node_modules/.pnpm/@vitest+runner@4.1.10/node_modules/@vitest/runner/dist/chunk-artifact.js:2620:10)"],"meta":{},"tags":[]},{"ancestorTitles":["subscribeToChannelMessages"],"fullName":"subscribeToChannelMessages llama onMessage cuando llega un INSERT","status":"failed","title":"llama onMessage cuando llega un INSERT","duration":0.40499999999974534,"failureMessages":["TypeError: Cannot read properties of undefined (reading 'mockImplementation')\n    at C:/Users/facuh/OneDrive/Escritorio/Mis Proyectos/Landing Page/landing/apps/admin/src/lib/__tests__/chat.test.ts:779:47\n    at file:///C:/Users/facuh/OneDrive/Escritorio/Mis%20Proyectos/Landing%20Page/landing/node_modules/.pnpm/@vitest+runner@4.1.10/node_modules/@vitest/runner/dist/chunk-artifact.js:302:11\n    at wrapper (file:///C:/Users/facuh/OneDrive/Escritorio/Mis%20Proyectos/Landing%20Page/landing/node_modules/.pnpm/@vitest+runner@4.1.10/node_modules/@vitest/runner/dist/chunk-artifact.js:722:10)\n    at file:///C:/Users/facuh/OneDrive/Escritorio/Mis%20Proyectos/Landing%20Page/landing/node_modules/.pnpm/@vitest+runner@4.1.10/node_modules/@vitest/runner/dist/chunk-artifact.js:2305:20\n    at new Promise (<anonymous>)\n    at runWithTimeout (file:///C:/Users/facuh/OneDrive/Escritorio/Mis%20Proyectos/Landing%20Page/landing/node_modules/.pnpm/@vitest+runner@4.1.10/node_modules/@vitest/runner/dist/chunk-artifact.js:2272:10)\n    at file:///C:/Users/facuh/OneDrive/Escritorio/Mis%20Proyectos/Landing%20Page/landing/node_modules/.pnpm/@vitest+runner@4.1.10/node_modules/@vitest/runner/dist/chunk-artifact.js:2621:52\n    at run (file:///C:/Users/facuh/OneDrive/Escritorio/Mis%20Proyectos/Landing%20Page/landing/node_modules/.pnpm/@vitest+runner@4.1.10/node_modules/@vitest/runner/dist/chunk-artifact.js:1150:20)\n    at limiterFn (file:///C:/Users/facuh/OneDrive/Escritorio/Mis%20Proyectos/Landing%20Page/landing/node_modules/.pnpm/@vitest+runner@4.1.10/node_modules/@vitest/runner/dist/chunk-artifact.js:1162:59)\n    at runHook (file:///C:/Users/facuh/OneDrive/Escritorio/Mis%20Proyectos/Landing%20Page/landing/node_modules/.pnpm/@vi
[...]
si no existe","status":"passed","title":"lanza error si no existe","duration":0.940599999999904,"failureMessages":[],"meta":{},"tags":[]},{"ancestorTitles":["fetchVisit"],"fullName":"fetchVisit lanza error si la consulta falla","status":"passed","title":"lanza error si la consulta falla","duration":0.6071999999999207,"failureMessages":[],"meta":{},"tags":[]},{"ancestorTitles":["fetchDeletedVisits"],"fullName":"fetchDeletedVisits devuelve visitas eliminadas ordenadas por deleted_at","status":"passed","title":"devuelve visitas eliminadas ordenadas por deleted_at","duration":1.620600000000195,"failureMessages":[],"meta":{},"tags":[]},{"ancestorTitles":["fetchDeletedVisits"],"fullName":"fetchDeletedVisits lanza error si la consulta falla","status":"passed","title":"lanza error si la consulta falla","duration":0.688499999999749,"failureMessages":[],"meta":{},"tags":[]},{"ancestorTitles":["fetchVisitsByAgent"],"fullName":"fetchVisitsByAgent filtra por agente","status":"passed","title":"filtra por agente","duration":1.06899999999996,"failureMessages":[],"meta":{},"tags":[]},{"ancestorTitles":["fetchVisitsByDateRange"],"fullName":"fetchVisitsByDateRange devuelve visitas en el rango sin agente","status":"passed","title":"devuelve visitas en el rango sin agente","duration":1.1628000000000611,"failureMessages":[],"meta":{},"tags":[]},{"ancestorTitles":["fetchVisitsByDateRange"],"fullName":"fetchVisitsByDateRange filtra por agente cuando se provee","status":"passed","title":"filtra por agente cuando se provee","duration":0.6104000000000269,"failureMessages":[],"meta":{},"tags":[]},{"ancestorTitles":["fetchVisitsByDateRange"],"fullName":"fetchVisitsByDateRange lanza error si la consulta falla","status":"passed","title":"lanza error si la consulta falla","duration":0.6539999999999964,"failureMessages":[],"meta":{},"tags":[]},{"ancestorTitles":["fetchVisitsByLead / fetchVisitsByProperty / fetchVisitsByStatus"],"fullName":"fetchVisitsByLead / fetchVisitsByProperty / fetchVisitsByStatus filtra por lead","status":"passed","title":"filtra por lead","duration":1.7656999999999243,"failureMessages":[],"meta":{},"tags":[]},{"ancestorTitles":["fetchVisitsByLead / fetchVisitsByProperty / fetchVisitsByStatus"],"fullName":"fetchVisitsByLead / fetchVisitsByProperty / fetchVisitsByStatus filtra por propiedad","status":"passed","title":"filtra por propiedad","duration":1.990599999999631,"failureMessages":[],"meta":{},"tags":[]},{"ancestorTitles":["fetchVisitsByLead / fetchVisitsByProperty / fetchVisitsByStatus"],"fullName":"fetchVisitsByLead / fetchVisitsByProperty / fetchVisitsByStatus filtra por estado","status":"passed","title":"filtra por estado","duration":1.7223000000003594,"failureMessages":[],"meta":{},"tags":[]},{"ancestorTitles":["createVisit"],"fullName":"createVisit crea una visita con los valores provistos","status":"failed","title":"crea una visita con los valores provistos","duration":14.91190000000006,"failureMessages":["Error: lead_id: Invalid uuid\n    at createVisit (C:/Users/facuh/OneDrive/Escritorio/Mis Proyectos/Landing Page/landing/apps/admin/src/lib/visits.ts:414:15)\n    at C:/Users/facuh/OneDrive/Escritorio/Mis Proyectos/Landing Page/landing/apps/admin/src/lib/__tests__/visits.test.ts:461:30\n    at file:///C:/Users/facuh/OneDrive/Escritorio/Mis%20Proyectos/Landing%20Page/landing/node_modules/.pnpm/@vitest+runner@4.1.10/node_modules/@vitest/runner/dist/chunk-artifact.js:302:11\n    at file:///C:/Users/facuh/OneDrive/Escritorio/Mis%20Proyectos/Landing%20Page/landing/node_modules/.pnpm/@vitest+runner@4.1.10/node_modules/@vitest/runner/dist/chunk-artifact.js:1903:26\n    at file:///C:/Users/facuh/OneDrive/Escritorio/Mis%20Proyectos/Landing%20Page/landing/node_modules/.pnpm/@vitest+runner@4.1.10/node_modules/@vitest/runner/dist/chunk-artifact.js:2326:20\n    at new Promise (<anonymous>)\n    at runWithCancel (file:///C:/Users/facuh/OneDrive/Escritorio/Mis%20Proyectos/Landing%20Page/landing/node_modules/.pnpm/@vitest+runner@4.1.10/node_modules/@vitest/runner/dist/chunk-artifact.js:2323:10)\n    at file:///C:/Users/facuh/OneDrive/Escritorio/Mis%20Proyectos/Landing%20Page/landing/node_modules/.pnpm/@vitest+runner@4.1.10/node_modules/@vitest/runner/dist/chunk-artifact.js:2305:20\n    at new Promise (<anonymous>)\n    at runWithTimeout (file:///C:/Users/facuh/OneDrive/Escritorio/Mis%20Proyectos/Landing%20Page/landing/node_modules/.pnpm/@vitest+runner@4.1.10/node_modules/@vitest/runner/dist/chunk-artifact.js:2272:10)"],"meta":{},"tags":[]},{"ancestorTitles":["createVisit"],"fullName":"createVisit lanza error si el insert falla","status":"failed","title":"lanza error si el insert falla","duration":10.24429999999984,"failureMessages":["Error: expected [Function] to throw error including 'insert err' but got 'lead_id: Invalid uuid'\n    at _Assertion.__VITEST_REJECTS__ (file:///C:/Users/facuh/OneDrive/Escritorio/Mis%20Proyectos/Landing%20Page/landing/node_modules/.pnpm/@vitest+expect@4.1.10/node_modules/@vitest/expect/dist/index.js:1747:17)\n    at _Assertion.propertyGetter (file:///C:/Users/facuh/OneDrive/Escritorio/Mis%20Proyectos/Landing%20Page/landing/node_modules/.pnpm/chai@6.2.2/node_modules/chai/index.js:1570:27)\n    at Reflect.get (<anonymous>)\n    at Object.proxyGetter [as get] (file:///C:/Users/facuh/OneDrive/Escritorio/Mis%20Proyectos/Landing%20Page/landing/node_modules/.pnpm/chai@6.2.2/node_modules/chai/index.js:1659:22)\n    at C:/Users/facuh/OneDrive/Escritorio/Mis Proyectos/Landing Page/landing/apps/admin/src/lib/__tests__/visits.test.ts:511:9\n    at file:///C:/Users/facuh/OneDrive/Escritorio/Mis%20Proyectos/Landing%20Page/landing/node_modules/.pnpm/@vitest+runner@4.1.10/node_modules/@vitest/runner/dist/chunk-artifact.js:302:11\n    at file:///C:/Users/facuh/OneDrive/Escritorio/Mis%20Proyectos/Landing%20Page/landing/node_modules/.pnpm/@vitest+runner@4.1.10/node_modules/@vitest/runner/dist/chunk-artifact.js:1903:26\n    at file:///C:/Users/facuh/OneDrive/Escritorio/Mis%20Proyectos/Landing%20Page/landing/node_modules/.pnpm/@vitest+runner@4.1.10/node_modules/@vitest/runner/dist/chunk-artifact.js:2326:20\n    at new Promise (<anonymous>)\n    at runWithCancel (file:///C:/Users/facuh/OneDrive/Escritorio/Mis%20Proyectos/Landing%20Page/landing/node_modules/.pnpm/@vitest+runner@4.1.10/node_modules/@vitest/runner/dist/chunk-artifact.js:2323:10)"],"meta":{},"tags":[]},{"ancestorTitles":["updateVisit"],"fullName":"updateVisit actualiza solo los campos provistos","status":"passed","title":"actualiza solo los campos provistos","duration":1.4989999999997963,"failureMessages":[],"meta":{},"tags":[]},{"ancestorTitles":["updateVisit"],"fullName":"updateVisit lanza error si falla","status":"failed","title":"lanza error si falla","duration":3.384900000000016,"failureMessages":["Error: expected [Function] to throw error including 'upd err' but got 'title: String must contain at least 3…'\n    at _Assertion.__VITEST_REJECTS__ (file:///C:/Users/facuh/OneDrive/Escritorio/Mis%20Proyectos/Landing%20Page/landing/node_modules/.pnpm/@vitest+expect@4.1.10/node_modules/@vitest/expect/dist/index.js:1747:17)\n    at _Assertion.propertyGetter (file:///C:/Users/facuh/OneDrive/Escritorio/Mis%20Proyectos/Landing%20Page/landing/node_modules/.pnpm/chai@6.2.2/node_modules/chai/index.js:1570:27)\n    at Reflect.get (<anonymous>)\n    at Object.proxyGetter [as get] (file:///C:/Users/facuh/OneDrive/Escritorio/Mis%20Proyectos/Landing%20Page/landing/node_modules/.pnpm/chai@6.2.2/node_modules/chai/index.js:1659:22)\n    at C:/Users/facuh/OneDrive/Escritorio/Mis Proyectos/Landing Page/landing/apps/admin/src/lib/__tests__/visits.test.ts:525:55\n    at file:///C:/Users/facuh/OneDrive/Escritorio/Mis%20Proyectos/Landing%20Page/landing/node_modules/.pnpm/@vitest+runner@4.1.10/node_modules/@vitest/runner/dist/chunk-artifact.js:302:11\n    at file:///C:/Users/facuh/OneDrive/Escritorio/Mis%20Proyectos/Landing%20Page/landing/node_modules/.pnpm/@vitest+runner@4.1.10/node_modules/@vitest/runner/dist/chunk-artifact.js:1903:26\n    at file:///C:/Users/facuh/OneDrive/Escritorio/Mis%20Proyectos/Landing%20Page/landing/node_modules/.pnpm/@vitest+runner@4.1.10/node_modules/@vitest/runner/dist/chunk-artifact.js:2326:20\n    at new Promise (<anonymous>)\n    at runWithCancel (file:///C:/Users/facuh/OneDrive/Escritorio/Mis%20Proyectos/Landing%20Page/landing/node_modules/.pnpm/@vitest+runner@4.1.10/node_modules/@vitest/runner/dist/chunk-artifact.js:2323:10)"],"meta":{},"tags":[]},{"ancestorTitles":["updateVisitStatus"],"fullName":"updateVisitStatus actualiza el estado","status":"passed","title":"actualiza el estado","duration":0.9589000000000851,"failureMessages":[],"meta":{},"tags":[]},{"ancestorTitles":["updateVisitStatus"],"fullName":"updateVisitStatus lanza error si falla","status":"passed","title":"lanza error si falla","duration":0.930000000000291,"failureMessages":[],"meta":{},"tags":[]},{"ancestorTitles":["timestamps automáticos por estado"],"fullName":"timestamps automáticos por estado updateVisit agrega confirmed_at al confirmar","status":"passed","title":"updateVisit agrega confirmed_at al confirmar","duration":6.399800000000141,"failureMessages":[],"meta":{},"tags":[]},{"ancestorTitles":["timestamps automáticos por estado"],"fullName":"timestamps automáticos por estado updateVisitStatus agrega cancelled_at al cancelar","status":"passed","title":"updateVisitStatus agrega cancelled_at al cancelar","duration":2.3637000000003354,"failureMessages":[],"meta":{},"tags":[]},{"ancestorTitles":["timestamps automáticos por estado"],"fullName":"timestamps automáticos por estado softDeleteVisit setea deleted_at","status":"passed","title":"softDeleteVisit setea deleted_at","duration":1.731000000000222,"failureMessages":[],"meta":{},"tags":[]},{"ancestorTitles":["restoreVisit / permanentDeleteVisit"],"fullName":"restoreVisit / permanentDeleteVisit restaura una visita","status":"passed","title":"restaura una visita","duration":1.5455000000001746,"failureMessages":[],"meta":{},"tags":[]},{"ancestorTitles":["restoreVisit / permanentDeleteVisit"],"fullName":"restoreVisit / permanentDeleteVisit elimina permanentemente una visita","status":"passed","title":"elimina permanentemente una visita","duration":1.060399999999845,"failureMessages":[],"meta":{},"tags":[]},{"ancestorTitles":["restoreVisit / permanentDeleteVisit"],"fullName":"restoreVisit / permanentDeleteVisit lanza error si el borrado falla","status":"passed","title":"lanza error si el borrado falla","duration":0.8998999999998887,"failureMessages":[],"meta":{},"tags":[]},{"ancestorTitles":["fetchAgentAvailability"],"fullName":"fetchAgentAvailability devuelve la disponibilidad activa del agente","status":"passed","title":"devuelve la disponibilidad activa del agente","duration":2.679399999999987,"failureMessages":[],"meta":{},"tags":[]},{"ancestorTitles":["fetchAgentAvailability"],"fullName":"fetchAgentAvailability lanza error si la consulta falla","status":"passed","title":"lanza error si la consulta falla","duration":3.3299000000001797,"failureMessages":[],"meta":{},"tags":[]},{"ancestorTitles":["createAgentAvailability"],"fullName":"createAgentAvailability crea un slot de disponibilidad","status":"passed","title":"crea un slot de disponibilidad","duration":0.7185000000004038,"failureMessages":[],"meta":{},"tags":[]},{"ancestorTitles":["createAgentAvailability"],"fullName":"createAgentAvailability lanza error si el insert falla","status":"passed","title":"lanza error si el insert falla","duration":2.4385999999999513,"failureMessages":[],"meta":{},"tags":[]},{"ancestorTitles":["updateAgentAvailability / deleteAgentAvailability"],"fullName":"updateAgentAvailability / deleteAgentAvailability actualiza un slot","status":"passed","title":"actualiza un slot","duration":0.8218000000001666,"failureMessages":[],"meta":{},"tags":[]},{"ancestorTitles":["updateAgentAvailability / deleteAgentAvailability"],"fullName":"updateAgentAvailability / deleteAgentAvailability elimina un slot","status":"passed","title":"elimina un slot","duration":0.45580000000018117,"failureMessages":[],"meta":{},"tags":[]},{"ancestorTitles":["createRecurringVisit"],"fullName":"createRecurringVisit crea una regla recurrente","status":"passed","title":"crea una regla recurrente","duration":7.166300000000319,"failureMessages":[],"meta":{},"tags":[]},{"ancestorTitles":["createRecurringVisit"],"fullName":"createRecurringVisit lanza error si el insert falla","status":"passed","title":"lanza error si el insert falla","duration":0.8162999999999556,"failureMessages":[],"meta":{},"tags":[]},{"ancestorTitles":["generateOccurrences"],"fullName":"generateOccurrences lanza error si no encuentra la regla","status":"passed","title":"lanza error si no encuentra la regla","duration":0.8559000000000196,"failureMessages":[],"meta":{},"tags":[]},{"ancestorTitles":["generateOccurrences"],"fullName":"generateOccurrences no genera nada si la regla está inactiva","status":"passed","title":"no genera nada si la regla está inactiva","duration":1.0985999999998057,"failureMessages":[],"meta":{},"tags":[]},{"ancestorTitles":["generateOccurrences"],"fullName":"generateOccurrences genera ocurrencias futuras hasta el límite de count","status":"passed","title":"genera ocurrencias futuras hasta el límite de count","duration":1.7114999999998872,"failureMessages":[],"meta":{},"tags":[]},{"ancestorTitles":["generateOccurrences"],"fullName":"generateOccurrences saltea ocurrencias que ya existen","status":"passed","title":"saltea ocurrencias que ya existen","duration":0.9914000000003398,"failureMessages":[],"meta":{},"tags":[]},{"ancestorTitles":["generateOccurrences"],"fullName":"generateOccurrences respeta las excepciones de la regla","status":"passed","title":"respeta las excepciones de la regla","duration":3.2527000000000044,"failureMessages":[],"meta":{},"tags":[]},{"ancestorTitles":["generateOccurrences"],"fullName":"generateOccurrences no genera nada si la próxima ocurrencia está en el pasado","status":"passed","title":"no genera nada si la próxima ocurrencia está en el pasado","duration":1.3110000000001492,"failureMessages":[],"meta":{},"tags":[]},{"ancestorTitles":["createReminders"],"fullName":"createReminders crea los recordatorios por defecto para la visita","status":"failed","title":"crea los recordatorios por defecto para la visita","duration":19.208999999999833,"failureMessages":["AssertionError: expected [] to deeply equal [ { id: 1, visit_id: 'v1', …(5) } ]\n    at C:/Users/facuh/OneDrive/Escritorio/Mis Proyectos/Landing Page/landing/apps/admin/src/lib/__tests__/visits.test.ts:800:24\n    at processTicksAndRejections (node:internal/process/task_queues:104:5)\n    at file:///C:/Users/facuh/OneDrive/Escritorio/Mis%20Proyectos/Landing%20Page/landing/node_modules/.pnpm/@vitest+runner@4.1.10/node_modules/@vitest/runner/dist/chunk-artifact.js:1903:20"],"meta":{},"tags":[]},{"ancestorTitles":["createReminders"],"fullName":"createReminders crea recordatorios personalizados","status":"passed","title":"crea recordatorios personalizados","duration":2.0035000000002583,"failureMessages":[],"meta":{},"tags":[]},{"ancestorTitles":["createReminders"],"fullName":"createReminders lanza error si falla","status":"failed","title":"lanza error si falla","duration":2.942199999999957,"failureMessages":["Error: promise resolved \"[]\" instead of rejecting\n    at _Assertion.__VITEST_REJECTS__ (file:///C:/Users/facuh/OneDrive/Escritorio/Mis%20Proyectos/Landing%20Page/landing/node_modules/.pnpm/@vitest+expect@4.1.10/node_modules/@vitest/expect/dist/index.js:1747:17)\n    at _Assertion.propertyGetter (file:///C:/Users/facuh/OneDrive/Escritorio/Mis%20Proyectos/Landing%20Page/landing/node_modules/.pnpm/chai@6.2.2/node_modules/chai/index.js:1570:27)\n    at Reflect.get (<anonymous>)\n    at Object.proxyGetter [as get] (file:///C:/Users/facuh/OneDrive/Escritorio/Mis%20Proyectos/Landing%20Page/landing/node_modules/.pnpm/chai@6.2.2/node_modules/chai/index.js:1659:22)\n    at C:/Users/facuh/OneDrive/Escritorio/Mis Proyectos/Landing Page/landing/apps/admin/src/lib/__tests__/visits.test.ts:813:43\n    at file:///C:/Users/facuh/OneDrive/Escritorio/Mis%20Proyectos/Landing%20Page/landing/node_modules/.pnpm/@vitest+runner@4.1.10/node_modules/@vitest/runner/dist/chunk-artifact.js:302:11\n    at file:///C:/Users/facuh/OneDrive/Escritorio/Mis%20Proyectos/Landing%20Page/landing/node_modules/.pnpm/@vitest+runner@4.1.10/node_modules/@vitest/runner/dist/chunk-artifact.js:1903:26\n    at file:///C:/Users/facuh/OneDrive/Escritorio/Mis%20Proyectos/Landing%20Page/landing/node_modules/.pnpm/@vitest+runner@4.1.10/node_modules/@vitest/runner/dist/chunk-artifact.js:2326:20\n    at new Promise (<anonymous>)\n    at runWithCancel (file:///C:/Users/facuh/OneDrive/Escritorio/Mis%20Proyectos/Landing%20Page/landing/node_modules/.pnpm/@vitest+runner@4.1.10/node_modules/@vitest/runner/dist/chunk-artifact.js:2323:10)"],"meta":{},"tags":[]},{"ancestorTitles":["processReminders"],"fullName":"processReminders invoca la edge function y devuelve el resumen","status":"passed","title":"invoca la edge function y devuelve el resumen","duration":2.909599999999955,"failureMessages":[],"meta":{},"tags":[]},{"ancestorTitles":["processReminders"],"fullName":"processReminders devuelve ceros si la respuesta no trae datos","status":"passed","title":"devuelve ceros si la respuesta no trae datos","duration":0.5560999999997875,"failureMessages":[],"meta":{},"tags":[]},{"ancestorTitles":["processReminders"],"fullName":"processReminders lanza error si la respuesta no es ok","status":"passed","title":"lanza error si la respuesta no es ok","duration":2.6723000000001775,"failureMessages":[],"meta":{},"tags":[]},{"ancestorTitles":["generateQrCode"],"fullName":"generateQrCode genera un código QR para la visita","status":"passed","title":"genera un código QR para la visita","duration":6.081099999999424,"failureMessages":[],"meta":{},"tags":[]},{"ancestorTitles":["generateQrCode"],"fullName":"generateQrCode lanza error si el insert falla","status":"passed","title":"lanza error si el insert falla","duration":1.2474999999994907,"failureMessages":[],"meta":{},"tags":[]},{"ancestorTitles":["checkInWithQr"],"fullName":"checkInWithQr devuelve error para un código inválido","status":"passed","title":"devuelve error para un código inválido","duration":2.2775000000001455,"failureMessages":[],"meta":{},"tags":[]},{"ancestorTitles":["checkInWithQr"],"fullName":"checkInWithQr rechaza visitas ya registradas","status":"passed","title":"rechaza visitas ya registradas","duration":1.3128999999998996,"failureMessages":[],"meta":{},"tags":[]},{"ancestorTitles":["checkInWithQr"],"fullName":"checkInWithQr rechaza un agente no asignado","status":"passed","title":"rechaza un agente no asignado","duration":3.5318999999999505,"failureMessages":[],"meta":{},"tags":[]},{"ancestorTitles":["checkInWithQr"],"fullName":"checkInWithQr registra el check-in y actualiza la visita a en_curso","status":"passed","title":"registra el check-in y actualiza la visita a en_curso","duration":2.529399999999441,"failureMessages":[],"meta":{},"tags":[]},{"ancestorTitles":["checkInWithQr"],"fullName":"checkInWithQr devuelve error si falla la actualización","status":"passed","title":"devuelve error si falla la actualización","duration":0.5989000000008673,"failureMessages":[],"meta":{},"tags":[]},{"ancestorTitles":["getQrCode"],"fullName":"getQrCode devuelve el código QR existente","status":"passed","title":"devuelve el código QR existente","duration":3.383500000000822,"failureMessages":[],"meta":{},"tags":[]},{"ancestorTitles":["getQrCode"],"fullName":"getQrCode devuelve null cuando no existe","status":"passed","title":"devuelve null cuando no existe","duration":1.2070000000003347,"failureMessages":[],"meta":{},"tags":[]}],"startTime":1786423389753,"endTime":1786423389920.207,"status":"failed","message":"","name":"C:/Users/facuh/OneDrive/Escritorio/Mis Proyectos/Landing Page/landing/apps/admin/src/lib/__tests__/visits.test.ts"}]}